[1.710s] DEBUG:colcon:Command line arguments: ['/usr/bin/colcon', 'build', '--packages-select', 'robot_controller']
[1.711s] DEBUG:colcon:Parsed command line arguments: Namespace(log_base=None, log_level=None, verb_name='build', build_base='build', install_base='install', merge_install=False, symlink_install=False, test_result_base=None, continue_on_error=False, executor='parallel', parallel_workers=4, event_handlers=None, ignore_user_meta=False, metas=['./colcon.meta'], base_paths=['.'], packages_ignore=None, packages_ignore_regex=None, paths=None, packages_up_to=None, packages_up_to_regex=None, packages_above=None, packages_above_and_dependencies=None, packages_above_depth=None, packages_select_by_dep=None, packages_skip_by_dep=None, packages_skip_up_to=None, packages_select_build_failed=False, packages_skip_build_finished=False, packages_select_test_failures=False, packages_skip_test_passed=False, packages_select=['robot_controller'], packages_skip=None, packages_select_regex=None, packages_skip_regex=None, packages_start=None, packages_end=None, allow_overriding=[], cmake_args=None, cmake_target=None, cmake_target_skip_unavailable=False, cmake_clean_cache=False, cmake_clean_first=False, cmake_force_configure=False, ament_cmake_args=None, catkin_cmake_args=None, catkin_skip_building_tests=False, verb_parser=<colcon_defaults.argument_parser.defaults.DefaultArgumentsDecorator object at 0xffffba9caa40>, verb_extension=<colcon_core.verb.build.BuildVerb object at 0xffffbab02e90>, main=<bound method BuildVerb.main of <colcon_core.verb.build.BuildVerb object at 0xffffbab02e90>>)
[3.730s] Level 1:colcon.colcon_core.package_discovery:discover_packages(colcon_meta) check parameters
[3.731s] Level 1:colcon.colcon_core.package_discovery:discover_packages(recursive) check parameters
[3.731s] Level 1:colcon.colcon_core.package_discovery:discover_packages(ignore) check parameters
[3.732s] Level 1:colcon.colcon_core.package_discovery:discover_packages(path) check parameters
[3.732s] Level 1:colcon.colcon_core.package_discovery:discover_packages(colcon_meta) discover
[3.733s] Level 1:colcon.colcon_core.package_discovery:discover_packages(recursive) discover
[3.733s] INFO:colcon.colcon_core.package_discovery:Crawling recursively for packages in '/home/keime/TILros2_ws/ros2_ws'
[3.734s] Level 1:colcon.colcon_core.package_identification:_identify(.) by extensions ['ignore', 'ignore_ament_install']
[3.735s] Level 1:colcon.colcon_core.package_identification:_identify(.) by extension 'ignore'
[3.736s] Level 1:colcon.colcon_core.package_identification:_identify(.) by extension 'ignore_ament_install'
[3.737s] Level 1:colcon.colcon_core.package_identification:_identify(.) by extensions ['colcon_pkg']
[3.737s] Level 1:colcon.colcon_core.package_identification:_identify(.) by extension 'colcon_pkg'
[3.737s] Level 1:colcon.colcon_core.package_identification:_identify(.) by extensions ['colcon_meta']
[3.738s] Level 1:colcon.colcon_core.package_identification:_identify(.) by extension 'colcon_meta'
[3.738s] Level 1:colcon.colcon_core.package_identification:_identify(.) by extensions ['ros']
[3.739s] Level 1:colcon.colcon_core.package_identification:_identify(.) by extension 'ros'
[3.867s] Level 1:colcon.colcon_core.package_identification:_identify(.) by extensions ['cmake', 'python']
[3.868s] Level 1:colcon.colcon_core.package_identification:_identify(.) by extension 'cmake'
[3.869s] Level 1:colcon.colcon_core.package_identification:_identify(.) by extension 'python'
[3.869s] Level 1:colcon.colcon_core.package_identification:_identify(.) by extensions ['python_setup_py']
[3.869s] Level 1:colcon.colcon_core.package_identification:_identify(.) by extension 'python_setup_py'
[3.871s] Level 1:colcon.colcon_core.package_identification:_identify(build) by extensions ['ignore', 'ignore_ament_install']
[3.872s] Level 1:colcon.colcon_core.package_identification:_identify(build) by extension 'ignore'
[3.872s] Level 1:colcon.colcon_core.package_identification:_identify(build) ignored
[3.874s] Level 1:colcon.colcon_core.package_identification:_identify(install) by extensions ['ignore', 'ignore_ament_install']
[3.875s] Level 1:colcon.colcon_core.package_identification:_identify(install) by extension 'ignore'
[3.875s] Level 1:colcon.colcon_core.package_identification:_identify(install) ignored
[3.877s] Level 1:colcon.colcon_core.package_identification:_identify(log) by extensions ['ignore', 'ignore_ament_install']
[3.878s] Level 1:colcon.colcon_core.package_identification:_identify(log) by extension 'ignore'
[3.879s] Level 1:colcon.colcon_core.package_identification:_identify(log) ignored
[3.880s] Level 1:colcon.colcon_core.package_identification:_identify(src) by extensions ['ignore', 'ignore_ament_install']
[3.881s] Level 1:colcon.colcon_core.package_identification:_identify(src) by extension 'ignore'
[3.881s] Level 1:colcon.colcon_core.package_identification:_identify(src) by extension 'ignore_ament_install'
[3.882s] Level 1:colcon.colcon_core.package_identification:_identify(src) by extensions ['colcon_pkg']
[3.882s] Level 1:colcon.colcon_core.package_identification:_identify(src) by extension 'colcon_pkg'
[3.883s] Level 1:colcon.colcon_core.package_identification:_identify(src) by extensions ['colcon_meta']
[3.883s] Level 1:colcon.colcon_core.package_identification:_identify(src) by extension 'colcon_meta'
[3.884s] Level 1:colcon.colcon_core.package_identification:_identify(src) by extensions ['ros']
[3.884s] Level 1:colcon.colcon_core.package_identification:_identify(src) by extension 'ros'
[3.885s] Level 1:colcon.colcon_core.package_identification:_identify(src) by extensions ['cmake', 'python']
[3.885s] Level 1:colcon.colcon_core.package_identification:_identify(src) by extension 'cmake'
[3.886s] Level 1:colcon.colcon_core.package_identification:_identify(src) by extension 'python'
[3.886s] Level 1:colcon.colcon_core.package_identification:_identify(src) by extensions ['python_setup_py']
[3.887s] Level 1:colcon.colcon_core.package_identification:_identify(src) by extension 'python_setup_py'
[3.888s] Level 1:colcon.colcon_core.package_identification:_identify(src/py_pubsub2) by extensions ['ignore', 'ignore_ament_install']
[3.889s] Level 1:colcon.colcon_core.package_identification:_identify(src/py_pubsub2) by extension 'ignore'
[3.890s] Level 1:colcon.colcon_core.package_identification:_identify(src/py_pubsub2) by extension 'ignore_ament_install'
[3.890s] Level 1:colcon.colcon_core.package_identification:_identify(src/py_pubsub2) by extensions ['colcon_pkg']
[3.891s] Level 1:colcon.colcon_core.package_identification:_identify(src/py_pubsub2) by extension 'colcon_pkg'
[3.891s] Level 1:colcon.colcon_core.package_identification:_identify(src/py_pubsub2) by extensions ['colcon_meta']
[3.892s] Level 1:colcon.colcon_core.package_identification:_identify(src/py_pubsub2) by extension 'colcon_meta'
[3.892s] Level 1:colcon.colcon_core.package_identification:_identify(src/py_pubsub2) by extensions ['ros']
[3.893s] Level 1:colcon.colcon_core.package_identification:_identify(src/py_pubsub2) by extension 'ros'
[3.914s] DEBUG:colcon.colcon_core.package_identification:Package 'src/py_pubsub2' with type 'ros.ament_python' and name 'py_pubsub'
[3.915s] Level 1:colcon.colcon_core.package_identification:_identify(src/robot_controller) by extensions ['ignore', 'ignore_ament_install']
[3.916s] Level 1:colcon.colcon_core.package_identification:_identify(src/robot_controller) by extension 'ignore'
[3.917s] Level 1:colcon.colcon_core.package_identification:_identify(src/robot_controller) by extension 'ignore_ament_install'
[3.917s] Level 1:colcon.colcon_core.package_identification:_identify(src/robot_controller) by extensions ['colcon_pkg']
[3.918s] Level 1:colcon.colcon_core.package_identification:_identify(src/robot_controller) by extension 'colcon_pkg'
[3.918s] Level 1:colcon.colcon_core.package_identification:_identify(src/robot_controller) by extensions ['colcon_meta']
[3.919s] Level 1:colcon.colcon_core.package_identification:_identify(src/robot_controller) by extension 'colcon_meta'
[3.919s] Level 1:colcon.colcon_core.package_identification:_identify(src/robot_controller) by extensions ['ros']
[3.920s] Level 1:colcon.colcon_core.package_identification:_identify(src/robot_controller) by extension 'ros'
[3.939s] DEBUG:colcon.colcon_core.package_identification:Package 'src/robot_controller' with type 'ros.ament_python' and name 'robot_controller'
[3.939s] Level 1:colcon.colcon_core.package_discovery:discover_packages(recursive) using defaults
[3.940s] Level 1:colcon.colcon_core.package_discovery:discover_packages(ignore) discover
[3.940s] Level 1:colcon.colcon_core.package_discovery:discover_packages(ignore) using defaults
[3.940s] Level 1:colcon.colcon_core.package_discovery:discover_packages(path) discover
[3.941s] Level 1:colcon.colcon_core.package_discovery:discover_packages(path) using defaults
[4.220s] INFO:colcon.colcon_core.package_selection:Skipping not selected package 'py_pubsub' in 'src/py_pubsub2'
[4.226s] Level 1:colcon.colcon_core.package_discovery:discover_packages(prefix_path) check parameters
[4.227s] Level 1:colcon.colcon_core.package_discovery:discover_packages(prefix_path) discover
[4.268s] DEBUG:colcon.colcon_installed_package_information.package_discovery:Found 182 installed packages in /opt/ros/humble
[4.280s] Level 1:colcon.colcon_core.package_discovery:discover_packages(prefix_path) using defaults
[4.625s] Level 5:colcon.colcon_core.verb:set package 'robot_controller' build argument 'cmake_args' from command line to 'None'
[4.625s] Level 5:colcon.colcon_core.verb:set package 'robot_controller' build argument 'cmake_target' from command line to 'None'
[4.626s] Level 5:colcon.colcon_core.verb:set package 'robot_controller' build argument 'cmake_target_skip_unavailable' from command line to 'False'
[4.626s] Level 5:colcon.colcon_core.verb:set package 'robot_controller' build argument 'cmake_clean_cache' from command line to 'False'
[4.626s] Level 5:colcon.colcon_core.verb:set package 'robot_controller' build argument 'cmake_clean_first' from command line to 'False'
[4.626s] Level 5:colcon.colcon_core.verb:set package 'robot_controller' build argument 'cmake_force_configure' from command line to 'False'
[4.627s] Level 5:colcon.colcon_core.verb:set package 'robot_controller' build argument 'ament_cmake_args' from command line to 'None'
[4.627s] Level 5:colcon.colcon_core.verb:set package 'robot_controller' build argument 'catkin_cmake_args' from command line to 'None'
[4.627s] Level 5:colcon.colcon_core.verb:set package 'robot_controller' build argument 'catkin_skip_building_tests' from command line to 'False'
[4.628s] DEBUG:colcon.colcon_core.verb:Building package 'robot_controller' with the following arguments: {'ament_cmake_args': None, 'build_base': '/home/keime/TILros2_ws/ros2_ws/build/robot_controller', 'catkin_cmake_args': None, 'catkin_skip_building_tests': False, 'cmake_args': None, 'cmake_clean_cache': False, 'cmake_clean_first': False, 'cmake_force_configure': False, 'cmake_target': None, 'cmake_target_skip_unavailable': False, 'install_base': '/home/keime/TILros2_ws/ros2_ws/install/robot_controller', 'merge_install': False, 'path': '/home/keime/TILros2_ws/ros2_ws/src/robot_controller', 'symlink_install': False, 'test_result_base': None}
[4.629s] INFO:colcon.colcon_core.executor:Executing jobs using 'parallel' executor
[4.637s] DEBUG:colcon.colcon_parallel_executor.executor.parallel:run_until_complete
[4.639s] INFO:colcon.colcon_ros.task.ament_python.build:Building ROS package in '/home/keime/TILros2_ws/ros2_ws/src/robot_controller' with build type 'ament_python'
[4.641s] Level 1:colcon.colcon_core.shell:create_environment_hook('robot_controller', 'ament_prefix_path')
[4.682s] INFO:colcon.colcon_core.plugin_system:Skipping extension 'colcon_core.shell.bat': Not used on non-Windows systems
[4.684s] INFO:colcon.colcon_core.shell:Creating environment hook '/home/keime/TILros2_ws/ros2_ws/install/robot_controller/share/robot_controller/hook/ament_prefix_path.ps1'
[4.694s] INFO:colcon.colcon_core.shell:Creating environment descriptor '/home/keime/TILros2_ws/ros2_ws/install/robot_controller/share/robot_controller/hook/ament_prefix_path.dsv'
[4.700s] INFO:colcon.colcon_core.shell:Creating environment hook '/home/keime/TILros2_ws/ros2_ws/install/robot_controller/share/robot_controller/hook/ament_prefix_path.sh'
[4.710s] INFO:colcon.colcon_core.shell:Skip shell extension 'powershell' for command environment: Not usable outside of PowerShell
[4.710s] DEBUG:colcon.colcon_core.shell:Skip shell extension 'dsv' for command environment
[7.643s] INFO:colcon.colcon_core.task.python.build:Building Python package in '/home/keime/TILros2_ws/ros2_ws/src/robot_controller'
[7.645s] INFO:colcon.colcon_core.shell:Skip shell extension 'powershell' for command environment: Not usable outside of PowerShell
[7.646s] DEBUG:colcon.colcon_core.shell:Skip shell extension 'dsv' for command environment
[12.482s] DEBUG:colcon.colcon_core.event_handler.log_command:Invoking command in '/home/keime/TILros2_ws/ros2_ws/src/robot_controller': PYTHONPATH=/home/keime/TILros2_ws/ros2_ws/build/robot_controller/prefix_override:/home/keime/TILros2_ws/ros2_ws/install/robot_controller/lib/python3.10/site-packages:${PYTHONPATH} /usr/bin/python3 -W ignore:setup.py install is deprecated setup.py egg_info --egg-base ../../build/robot_controller build --build-base /home/keime/TILros2_ws/ros2_ws/build/robot_controller/build install --record /home/keime/TILros2_ws/ros2_ws/build/robot_controller/install.log --single-version-externally-managed install_data
[15.720s] DEBUG:colcon.colcon_core.event_handler.log_command:Invoked command in '/home/keime/TILros2_ws/ros2_ws/src/robot_controller' returned '0': PYTHONPATH=/home/keime/TILros2_ws/ros2_ws/build/robot_controller/prefix_override:/home/keime/TILros2_ws/ros2_ws/install/robot_controller/lib/python3.10/site-packages:${PYTHONPATH} /usr/bin/python3 -W ignore:setup.py install is deprecated setup.py egg_info --egg-base ../../build/robot_controller build --build-base /home/keime/TILros2_ws/ros2_ws/build/robot_controller/build install --record /home/keime/TILros2_ws/ros2_ws/build/robot_controller/install.log --single-version-externally-managed install_data
[15.773s] Level 1:colcon.colcon_core.environment:checking '/home/keime/TILros2_ws/ros2_ws/install/robot_controller' for CMake module files
[15.780s] Level 1:colcon.colcon_core.environment:checking '/home/keime/TILros2_ws/ros2_ws/install/robot_controller' for CMake config files
[15.790s] Level 1:colcon.colcon_core.environment:checking '/home/keime/TILros2_ws/ros2_ws/install/robot_controller/lib'
[15.792s] Level 1:colcon.colcon_core.environment:checking '/home/keime/TILros2_ws/ros2_ws/install/robot_controller/bin'
[15.793s] Level 1:colcon.colcon_core.environment:checking '/home/keime/TILros2_ws/ros2_ws/install/robot_controller/lib/pkgconfig/robot_controller.pc'
[15.795s] Level 1:colcon.colcon_core.environment:checking '/home/keime/TILros2_ws/ros2_ws/install/robot_controller/lib/python3.10/site-packages'
[15.796s] Level 1:colcon.colcon_core.shell:create_environment_hook('robot_controller', 'pythonpath')
[15.799s] INFO:colcon.colcon_core.shell:Creating environment hook '/home/keime/TILros2_ws/ros2_ws/install/robot_controller/share/robot_controller/hook/pythonpath.ps1'
[15.803s] INFO:colcon.colcon_core.shell:Creating environment descriptor '/home/keime/TILros2_ws/ros2_ws/install/robot_controller/share/robot_controller/hook/pythonpath.dsv'
[15.807s] INFO:colcon.colcon_core.shell:Creating environment hook '/home/keime/TILros2_ws/ros2_ws/install/robot_controller/share/robot_controller/hook/pythonpath.sh'
[15.813s] Level 1:colcon.colcon_core.environment:checking '/home/keime/TILros2_ws/ros2_ws/install/robot_controller/bin'
[15.814s] Level 1:colcon.colcon_core.environment:create_environment_scripts_only(robot_controller)
[15.817s] INFO:colcon.colcon_core.shell:Creating package script '/home/keime/TILros2_ws/ros2_ws/install/robot_controller/share/robot_controller/package.ps1'
[15.829s] INFO:colcon.colcon_core.shell:Creating package descriptor '/home/keime/TILros2_ws/ros2_ws/install/robot_controller/share/robot_controller/package.dsv'
[15.838s] INFO:colcon.colcon_core.shell:Creating package script '/home/keime/TILros2_ws/ros2_ws/install/robot_controller/share/robot_controller/package.sh'
[15.849s] INFO:colcon.colcon_core.shell:Creating package script '/home/keime/TILros2_ws/ros2_ws/install/robot_controller/share/robot_controller/package.bash'
[15.860s] INFO:colcon.colcon_core.shell:Creating package script '/home/keime/TILros2_ws/ros2_ws/install/robot_controller/share/robot_controller/package.zsh'
[15.872s] Level 1:colcon.colcon_core.environment:create_file_with_runtime_dependencies(/home/keime/TILros2_ws/ros2_ws/install/robot_controller/share/colcon-core/packages/robot_controller)
[15.876s] DEBUG:colcon.colcon_parallel_executor.executor.parallel:closing loop
[15.879s] DEBUG:colcon.colcon_parallel_executor.executor.parallel:loop closed
[15.880s] DEBUG:colcon.colcon_parallel_executor.executor.parallel:run_until_complete finished with '0'
[15.881s] DEBUG:colcon.colcon_core.event_reactor:joining thread
[15.973s] INFO:colcon.colcon_core.plugin_system:Skipping extension 'colcon_notification.desktop_notification.notify_send': Could not find 'notify-send'
[15.974s] INFO:colcon.colcon_core.plugin_system:Skipping extension 'colcon_notification.desktop_notification.terminal_notifier': Not used on non-Darwin systems
[15.975s] INFO:colcon.colcon_core.plugin_system:Skipping extension 'colcon_notification.desktop_notification.win32': Not used on non-Windows systems
[15.975s] INFO:colcon.colcon_notification.desktop_notification:Sending desktop notification using 'notify2'
[16.089s] DEBUG:colcon.colcon_notification.desktop_notification.notify2:Failed to initialize notify2: org.freedesktop.DBus.Error.ServiceUnknown: The name org.freedesktop.Notifications was not provided by any .service files
[16.090s] DEBUG:colcon.colcon_core.event_reactor:joined thread
[16.093s] INFO:colcon.colcon_core.shell:Creating prefix script '/home/keime/TILros2_ws/ros2_ws/install/local_setup.ps1'
[16.104s] INFO:colcon.colcon_core.shell:Creating prefix util module '/home/keime/TILros2_ws/ros2_ws/install/_local_setup_util_ps1.py'
[16.121s] INFO:colcon.colcon_core.shell:Creating prefix chain script '/home/keime/TILros2_ws/ros2_ws/install/setup.ps1'
[16.132s] INFO:colcon.colcon_core.shell:Creating prefix script '/home/keime/TILros2_ws/ros2_ws/install/local_setup.sh'
[16.140s] INFO:colcon.colcon_core.shell:Creating prefix util module '/home/keime/TILros2_ws/ros2_ws/install/_local_setup_util_sh.py'
[16.146s] INFO:colcon.colcon_core.shell:Creating prefix chain script '/home/keime/TILros2_ws/ros2_ws/install/setup.sh'
[16.157s] INFO:colcon.colcon_core.shell:Creating prefix script '/home/keime/TILros2_ws/ros2_ws/install/local_setup.bash'
[16.163s] INFO:colcon.colcon_core.shell:Creating prefix chain script '/home/keime/TILros2_ws/ros2_ws/install/setup.bash'
[16.174s] INFO:colcon.colcon_core.shell:Creating prefix script '/home/keime/TILros2_ws/ros2_ws/install/local_setup.zsh'
[16.180s] INFO:colcon.colcon_core.shell:Creating prefix chain script '/home/keime/TILros2_ws/ros2_ws/install/setup.zsh'
