[6.737s] Invoking command in '/home/keime/ros2_ws/src/py_pubsub': PYTHONPATH=/home/keime/ros2_ws/build/py_pubsub/prefix_override:/home/keime/ros2_ws/install/py_pubsub/lib/python3.10/site-packages:${PYTHONPATH} /usr/bin/python3 -W ignore:setup.py install is deprecated setup.py egg_info --egg-base ../../build/py_pubsub build --build-base /home/keime/ros2_ws/build/py_pubsub/build install --record /home/keime/ros2_ws/build/py_pubsub/install.log --single-version-externally-managed install_data
[9.321s] running egg_info
[9.327s] writing ../../build/py_pubsub/py_pubsub.egg-info/PKG-INFO
[9.329s] writing dependency_links to ../../build/py_pubsub/py_pubsub.egg-info/dependency_links.txt
[9.331s] writing entry points to ../../build/py_pubsub/py_pubsub.egg-info/entry_points.txt
[9.333s] writing requirements to ../../build/py_pubsub/py_pubsub.egg-info/requires.txt
[9.335s] writing top-level names to ../../build/py_pubsub/py_pubsub.egg-info/top_level.txt
[9.352s] reading manifest file '../../build/py_pubsub/py_pubsub.egg-info/SOURCES.txt'
[9.363s] writing manifest file '../../build/py_pubsub/py_pubsub.egg-info/SOURCES.txt'
[9.365s] running build
[9.366s] running build_py
[9.367s] copying py_pubsub/service_member_function.py -> /home/keime/ros2_ws/build/py_pubsub/build/lib/py_pubsub
[9.370s] copying py_pubsub/subscriber_member_function.py -> /home/keime/ros2_ws/build/py_pubsub/build/lib/py_pubsub
[9.373s] running install
[9.376s] running install_lib
[9.383s] copying /home/keime/ros2_ws/build/py_pubsub/build/lib/py_pubsub/service_member_function.py -> /home/keime/ros2_ws/install/py_pubsub/lib/python3.10/site-packages/py_pubsub
[9.386s] copying /home/keime/ros2_ws/build/py_pubsub/build/lib/py_pubsub/subscriber_member_function.py -> /home/keime/ros2_ws/install/py_pubsub/lib/python3.10/site-packages/py_pubsub
[9.392s] byte-compiling /home/keime/ros2_ws/install/py_pubsub/lib/python3.10/site-packages/py_pubsub/service_member_function.py to service_member_function.cpython-310.pyc
[9.399s] byte-compiling /home/keime/ros2_ws/install/py_pubsub/lib/python3.10/site-packages/py_pubsub/subscriber_member_function.py to subscriber_member_function.cpython-310.pyc
[9.403s] running install_data
[9.405s] running install_egg_info
[9.429s] removing '/home/keime/ros2_ws/install/py_pubsub/lib/python3.10/site-packages/py_pubsub-0.0.0-py3.10.egg-info' (and everything under it)
[9.434s] Copying ../../build/py_pubsub/py_pubsub.egg-info to /home/keime/ros2_ws/install/py_pubsub/lib/python3.10/site-packages/py_pubsub-0.0.0-py3.10.egg-info
[9.450s] running install_scripts
[9.648s] Installing listener script to /home/keime/ros2_ws/install/py_pubsub/lib/py_pubsub
[9.649s] Installing talker script to /home/keime/ros2_ws/install/py_pubsub/lib/py_pubsub
[9.654s] writing list of installed files to '/home/keime/ros2_ws/build/py_pubsub/install.log'
[9.911s] Invoked command in '/home/keime/ros2_ws/src/py_pubsub' returned '0': PYTHONPATH=/home/keime/ros2_ws/build/py_pubsub/prefix_override:/home/keime/ros2_ws/install/py_pubsub/lib/python3.10/site-packages:${PYTHONPATH} /usr/bin/python3 -W ignore:setup.py install is deprecated setup.py egg_info --egg-base ../../build/py_pubsub build --build-base /home/keime/ros2_ws/build/py_pubsub/build install --record /home/keime/ros2_ws/build/py_pubsub/install.log --single-version-externally-managed install_data
