[7.294s] Invoking command in '/home/keime/ros2_ws/src/py_pubsub': PYTHONPATH=/home/keime/ros2_ws/build/py_pubsub/prefix_override:/home/keime/ros2_ws/install/py_pubsub/lib/python3.10/site-packages:${PYTHONPATH} /usr/bin/python3 -W ignore:setup.py install is deprecated setup.py egg_info --egg-base ../../build/py_pubsub build --build-base /home/keime/ros2_ws/build/py_pubsub/build install --record /home/keime/ros2_ws/build/py_pubsub/install.log --single-version-externally-managed install_data
[9.863s] running egg_info
[9.869s] writing ../../build/py_pubsub/py_pubsub.egg-info/PKG-INFO
[9.871s] writing dependency_links to ../../build/py_pubsub/py_pubsub.egg-info/dependency_links.txt
[9.873s] writing entry points to ../../build/py_pubsub/py_pubsub.egg-info/entry_points.txt
[9.875s] writing requirements to ../../build/py_pubsub/py_pubsub.egg-info/requires.txt
[9.876s] writing top-level names to ../../build/py_pubsub/py_pubsub.egg-info/top_level.txt
[9.894s] reading manifest file '../../build/py_pubsub/py_pubsub.egg-info/SOURCES.txt'
[9.899s] adding license file 'LICENSE'
[9.907s] writing manifest file '../../build/py_pubsub/py_pubsub.egg-info/SOURCES.txt'
[9.909s] running build
[9.910s] running build_py
[9.911s] copying py_pubsub/subscriber_member_function.py -> /home/keime/ros2_ws/build/py_pubsub/build/lib/py_pubsub
[9.914s] running install
[9.917s] running install_lib
[9.926s] copying /home/keime/ros2_ws/build/py_pubsub/build/lib/py_pubsub/subscriber_member_function.py -> /home/keime/ros2_ws/install/py_pubsub/lib/python3.10/site-packages/py_pubsub
[9.932s] byte-compiling /home/keime/ros2_ws/install/py_pubsub/lib/python3.10/site-packages/py_pubsub/subscriber_member_function.py to subscriber_member_function.cpython-310.pyc
[9.937s] running install_data
[9.938s] running install_egg_info
[9.955s] removing '/home/keime/ros2_ws/install/py_pubsub/lib/python3.10/site-packages/py_pubsub-0.0.0-py3.10.egg-info' (and everything under it)
[9.959s] Copying ../../build/py_pubsub/py_pubsub.egg-info to /home/keime/ros2_ws/install/py_pubsub/lib/python3.10/site-packages/py_pubsub-0.0.0-py3.10.egg-info
[9.973s] running install_scripts
[10.173s] Installing listener script to /home/keime/ros2_ws/install/py_pubsub/lib/py_pubsub
[10.175s] Installing talker script to /home/keime/ros2_ws/install/py_pubsub/lib/py_pubsub
[10.178s] writing list of installed files to '/home/keime/ros2_ws/build/py_pubsub/install.log'
[10.438s] Invoked command in '/home/keime/ros2_ws/src/py_pubsub' returned '0': PYTHONPATH=/home/keime/ros2_ws/build/py_pubsub/prefix_override:/home/keime/ros2_ws/install/py_pubsub/lib/python3.10/site-packages:${PYTHONPATH} /usr/bin/python3 -W ignore:setup.py install is deprecated setup.py egg_info --egg-base ../../build/py_pubsub build --build-base /home/keime/ros2_ws/build/py_pubsub/build install --record /home/keime/ros2_ws/build/py_pubsub/install.log --single-version-externally-managed install_data
