[7.937s] Invoking command in '/home/keime/ros2_ws/src/robot_controller': PYTHONPATH=/home/keime/ros2_ws/build/robot_controller/prefix_override:/home/keime/ros2_ws/install/robot_controller/lib/python3.10/site-packages:${PYTHONPATH} /usr/bin/python3 -W ignore:setup.py install is deprecated setup.py egg_info --egg-base ../../build/robot_controller build --build-base /home/keime/ros2_ws/build/robot_controller/build install --record /home/keime/ros2_ws/build/robot_controller/install.log --single-version-externally-managed install_data
[10.565s] running egg_info
[10.571s] writing ../../build/robot_controller/robot_controller.egg-info/PKG-INFO
[10.575s] writing dependency_links to ../../build/robot_controller/robot_controller.egg-info/dependency_links.txt
[10.577s] writing entry points to ../../build/robot_controller/robot_controller.egg-info/entry_points.txt
[10.579s] writing requirements to ../../build/robot_controller/robot_controller.egg-info/requires.txt
[10.580s] writing top-level names to ../../build/robot_controller/robot_controller.egg-info/top_level.txt
[10.598s] reading manifest file '../../build/robot_controller/robot_controller.egg-info/SOURCES.txt'
[10.612s] writing manifest file '../../build/robot_controller/robot_controller.egg-info/SOURCES.txt'
[10.613s] running build
[10.615s] running build_py
[10.618s] copying robot_controller/command_subscriber_action.py -> /home/keime/ros2_ws/build/robot_controller/build/lib/robot_controller
[10.622s] running install
[10.626s] running install_lib
[10.633s] copying /home/keime/ros2_ws/build/robot_controller/build/lib/robot_controller/command_subscriber_action.py -> /home/keime/ros2_ws/install/robot_controller/lib/python3.10/site-packages/robot_controller
[10.641s] byte-compiling /home/keime/ros2_ws/install/robot_controller/lib/python3.10/site-packages/robot_controller/command_subscriber_action.py to command_subscriber_action.cpython-310.pyc
[10.655s] running install_data
[10.658s] running install_egg_info
[10.674s] removing '/home/keime/ros2_ws/install/robot_controller/lib/python3.10/site-packages/robot_controller-0.0.0-py3.10.egg-info' (and everything under it)
[10.678s] Copying ../../build/robot_controller/robot_controller.egg-info to /home/keime/ros2_ws/install/robot_controller/lib/python3.10/site-packages/robot_controller-0.0.0-py3.10.egg-info
[10.693s] running install_scripts
[10.895s] Installing action script to /home/keime/ros2_ws/install/robot_controller/lib/robot_controller
[10.899s] writing list of installed files to '/home/keime/ros2_ws/build/robot_controller/install.log'
[11.160s] Invoked command in '/home/keime/ros2_ws/src/robot_controller' returned '0': PYTHONPATH=/home/keime/ros2_ws/build/robot_controller/prefix_override:/home/keime/ros2_ws/install/robot_controller/lib/python3.10/site-packages:${PYTHONPATH} /usr/bin/python3 -W ignore:setup.py install is deprecated setup.py egg_info --egg-base ../../build/robot_controller build --build-base /home/keime/ros2_ws/build/robot_controller/build install --record /home/keime/ros2_ws/build/robot_controller/install.log --single-version-externally-managed install_data
