[8.113s] Invoking command in '/home/keime/ros2_ws/src/py_pubsub': PYTHONPATH=/home/keime/ros2_ws/build/py_pubsub/prefix_override:/home/keime/ros2_ws/install/py_pubsub/lib/python3.10/site-packages:${PYTHONPATH} /usr/bin/python3 -W ignore:setup.py install is deprecated setup.py egg_info --egg-base ../../build/py_pubsub build --build-base /home/keime/ros2_ws/build/py_pubsub/build install --record /home/keime/ros2_ws/build/py_pubsub/install.log --single-version-externally-managed install_data
[10.912s] running egg_info
[10.918s] writing ../../build/py_pubsub/py_pubsub.egg-info/PKG-INFO
[10.923s] writing dependency_links to ../../build/py_pubsub/py_pubsub.egg-info/dependency_links.txt
[10.925s] writing entry points to ../../build/py_pubsub/py_pubsub.egg-info/entry_points.txt
[10.927s] writing requirements to ../../build/py_pubsub/py_pubsub.egg-info/requires.txt
[10.929s] writing top-level names to ../../build/py_pubsub/py_pubsub.egg-info/top_level.txt
[10.948s] reading manifest file '../../build/py_pubsub/py_pubsub.egg-info/SOURCES.txt'
[10.953s] adding license file 'LICENSE'
[10.961s] writing manifest file '../../build/py_pubsub/py_pubsub.egg-info/SOURCES.txt'
[10.963s] running build
[10.964s] running build_py
[10.967s] copying py_pubsub/__init__.py -> /home/keime/ros2_ws/build/py_pubsub/build/lib/py_pubsub
[10.969s] copying py_pubsub/subscriber_member_function.py -> /home/keime/ros2_ws/build/py_pubsub/build/lib/py_pubsub
[10.974s] running install
[10.977s] running install_lib
[10.986s] copying /home/keime/ros2_ws/build/py_pubsub/build/lib/py_pubsub/__init__.py -> /home/keime/ros2_ws/install/py_pubsub/lib/python3.10/site-packages/py_pubsub
[10.990s] copying /home/keime/ros2_ws/build/py_pubsub/build/lib/py_pubsub/subscriber_member_function.py -> /home/keime/ros2_ws/install/py_pubsub/lib/python3.10/site-packages/py_pubsub
[10.997s] byte-compiling /home/keime/ros2_ws/install/py_pubsub/lib/python3.10/site-packages/py_pubsub/__init__.py to __init__.cpython-310.pyc
[11.002s] byte-compiling /home/keime/ros2_ws/install/py_pubsub/lib/python3.10/site-packages/py_pubsub/subscriber_member_function.py to subscriber_member_function.cpython-310.pyc
[11.007s] running install_data
[11.011s] copying resource/py_pubsub -> /home/keime/ros2_ws/install/py_pubsub/share/ament_index/resource_index/packages
[11.013s] copying package.xml -> /home/keime/ros2_ws/install/py_pubsub/share/py_pubsub
[11.014s] running install_egg_info
[11.031s] removing '/home/keime/ros2_ws/install/py_pubsub/lib/python3.10/site-packages/py_pubsub-0.0.0-py3.10.egg-info' (and everything under it)
[11.035s] Copying ../../build/py_pubsub/py_pubsub.egg-info to /home/keime/ros2_ws/install/py_pubsub/lib/python3.10/site-packages/py_pubsub-0.0.0-py3.10.egg-info
[11.050s] running install_scripts
[11.268s] Installing talker script to /home/keime/ros2_ws/install/py_pubsub/lib/py_pubsub
[11.273s] writing list of installed files to '/home/keime/ros2_ws/build/py_pubsub/install.log'
[11.552s] Invoked command in '/home/keime/ros2_ws/src/py_pubsub' returned '0': PYTHONPATH=/home/keime/ros2_ws/build/py_pubsub/prefix_override:/home/keime/ros2_ws/install/py_pubsub/lib/python3.10/site-packages:${PYTHONPATH} /usr/bin/python3 -W ignore:setup.py install is deprecated setup.py egg_info --egg-base ../../build/py_pubsub build --build-base /home/keime/ros2_ws/build/py_pubsub/build install --record /home/keime/ros2_ws/build/py_pubsub/install.log --single-version-externally-managed install_data
