[7.424s] Invoking command in '/home/keime/ros2_ws/src/robot_controller': PYTHONPATH=/home/keime/ros2_ws/build/robot_controller/prefix_override:/home/keime/ros2_ws/install/robot_controller/lib/python3.10/site-packages:${PYTHONPATH} /usr/bin/python3 -W ignore:setup.py install is deprecated setup.py egg_info --egg-base ../../build/robot_controller build --build-base /home/keime/ros2_ws/build/robot_controller/build install --record /home/keime/ros2_ws/build/robot_controller/install.log --single-version-externally-managed install_data
[10.033s] running egg_info
[10.039s] writing ../../build/robot_controller/robot_controller.egg-info/PKG-INFO
[10.042s] writing dependency_links to ../../build/robot_controller/robot_controller.egg-info/dependency_links.txt
[10.044s] writing entry points to ../../build/robot_controller/robot_controller.egg-info/entry_points.txt
[10.046s] writing requirements to ../../build/robot_controller/robot_controller.egg-info/requires.txt
[10.048s] writing top-level names to ../../build/robot_controller/robot_controller.egg-info/top_level.txt
[10.065s] reading manifest file '../../build/robot_controller/robot_controller.egg-info/SOURCES.txt'
[10.079s] writing manifest file '../../build/robot_controller/robot_controller.egg-info/SOURCES.txt'
[10.081s] running build
[10.082s] running build_py
[10.084s] copying robot_controller/command_subscriber_action.py -> /home/keime/ros2_ws/build/robot_controller/build/lib/robot_controller
[10.089s] running install
[10.092s] running install_lib
[10.100s] copying /home/keime/ros2_ws/build/robot_controller/build/lib/robot_controller/command_subscriber_action.py -> /home/keime/ros2_ws/install/robot_controller/lib/python3.10/site-packages/robot_controller
[10.107s] byte-compiling /home/keime/ros2_ws/install/robot_controller/lib/python3.10/site-packages/robot_controller/command_subscriber_action.py to command_subscriber_action.cpython-310.pyc
[10.120s] running install_data
[10.122s] running install_egg_info
[10.137s] removing '/home/keime/ros2_ws/install/robot_controller/lib/python3.10/site-packages/robot_controller-0.0.0-py3.10.egg-info' (and everything under it)
[10.141s] Copying ../../build/robot_controller/robot_controller.egg-info to /home/keime/ros2_ws/install/robot_controller/lib/python3.10/site-packages/robot_controller-0.0.0-py3.10.egg-info
[10.157s] running install_scripts
[10.355s] Installing action script to /home/keime/ros2_ws/install/robot_controller/lib/robot_controller
[10.359s] writing list of installed files to '/home/keime/ros2_ws/build/robot_controller/install.log'
[10.619s] Invoked command in '/home/keime/ros2_ws/src/robot_controller' returned '0': PYTHONPATH=/home/keime/ros2_ws/build/robot_controller/prefix_override:/home/keime/ros2_ws/install/robot_controller/lib/python3.10/site-packages:${PYTHONPATH} /usr/bin/python3 -W ignore:setup.py install is deprecated setup.py egg_info --egg-base ../../build/robot_controller build --build-base /home/keime/ros2_ws/build/robot_controller/build install --record /home/keime/ros2_ws/build/robot_controller/install.log --single-version-externally-managed install_data
