[7.599s] Invoking command in '/home/keime/ros2_ws/src/py_pubsub': PYTHONPATH=/home/keime/ros2_ws/build/py_pubsub/prefix_override:/home/keime/ros2_ws/install/py_pubsub/lib/python3.10/site-packages:${PYTHONPATH} /usr/bin/python3 -W ignore:setup.py install is deprecated setup.py egg_info --egg-base ../../build/py_pubsub build --build-base /home/keime/ros2_ws/build/py_pubsub/build install --record /home/keime/ros2_ws/build/py_pubsub/install.log --single-version-externally-managed install_data
[10.176s] running egg_info
[10.181s] creating ../../build/py_pubsub/py_pubsub.egg-info
[10.182s] writing ../../build/py_pubsub/py_pubsub.egg-info/PKG-INFO
[10.184s] writing dependency_links to ../../build/py_pubsub/py_pubsub.egg-info/dependency_links.txt
[10.186s] writing entry points to ../../build/py_pubsub/py_pubsub.egg-info/entry_points.txt
[10.188s] writing requirements to ../../build/py_pubsub/py_pubsub.egg-info/requires.txt
[10.188s] writing top-level names to ../../build/py_pubsub/py_pubsub.egg-info/top_level.txt
[10.191s] writing manifest file '../../build/py_pubsub/py_pubsub.egg-info/SOURCES.txt'
[10.206s] reading manifest file '../../build/py_pubsub/py_pubsub.egg-info/SOURCES.txt'
[10.215s] writing manifest file '../../build/py_pubsub/py_pubsub.egg-info/SOURCES.txt'
[10.216s] running build
[10.218s] running build_py
[10.220s] creating /home/keime/ros2_ws/build/py_pubsub/build
[10.221s] creating /home/keime/ros2_ws/build/py_pubsub/build/lib
[10.222s] creating /home/keime/ros2_ws/build/py_pubsub/build/lib/py_pubsub
[10.223s] copying py_pubsub/__init__.py -> /home/keime/ros2_ws/build/py_pubsub/build/lib/py_pubsub
[10.224s] copying py_pubsub/service_member_function.py -> /home/keime/ros2_ws/build/py_pubsub/build/lib/py_pubsub
[10.225s] running install
[10.228s] running install_lib
[10.235s] creating /home/keime/ros2_ws/install/py_pubsub/lib/python3.10/site-packages/py_pubsub
[10.352s] copying /home/keime/ros2_ws/build/py_pubsub/build/lib/py_pubsub/__init__.py -> /home/keime/ros2_ws/install/py_pubsub/lib/python3.10/site-packages/py_pubsub
[10.354s] copying /home/keime/ros2_ws/build/py_pubsub/build/lib/py_pubsub/service_member_function.py -> /home/keime/ros2_ws/install/py_pubsub/lib/python3.10/site-packages/py_pubsub
[10.355s] byte-compiling /home/keime/ros2_ws/install/py_pubsub/lib/python3.10/site-packages/py_pubsub/__init__.py to __init__.cpython-310.pyc
[10.356s] byte-compiling /home/keime/ros2_ws/install/py_pubsub/lib/python3.10/site-packages/py_pubsub/service_member_function.py to service_member_function.cpython-310.pyc
[10.357s] running install_data
[10.358s] creating /home/keime/ros2_ws/install/py_pubsub/share/ament_index
[10.359s] creating /home/keime/ros2_ws/install/py_pubsub/share/ament_index/resource_index
[10.360s] creating /home/keime/ros2_ws/install/py_pubsub/share/ament_index/resource_index/packages
[10.361s] copying resource/py_pubsub -> /home/keime/ros2_ws/install/py_pubsub/share/ament_index/resource_index/packages
[10.362s] copying package.xml -> /home/keime/ros2_ws/install/py_pubsub/share/py_pubsub
[10.363s] running install_egg_info
[10.364s] Copying ../../build/py_pubsub/py_pubsub.egg-info to /home/keime/ros2_ws/install/py_pubsub/lib/python3.10/site-packages/py_pubsub-0.0.0-py3.10.egg-info
[10.365s] running install_scripts
[10.499s] Installing listener script to /home/keime/ros2_ws/install/py_pubsub/lib/py_pubsub
[10.502s] writing list of installed files to '/home/keime/ros2_ws/build/py_pubsub/install.log'
[10.759s] Invoked command in '/home/keime/ros2_ws/src/py_pubsub' returned '0': PYTHONPATH=/home/keime/ros2_ws/build/py_pubsub/prefix_override:/home/keime/ros2_ws/install/py_pubsub/lib/python3.10/site-packages:${PYTHONPATH} /usr/bin/python3 -W ignore:setup.py install is deprecated setup.py egg_info --egg-base ../../build/py_pubsub build --build-base /home/keime/ros2_ws/build/py_pubsub/build install --record /home/keime/ros2_ws/build/py_pubsub/install.log --single-version-externally-managed install_data
