[1.171s] DEBUG:colcon:Command line arguments: ['/usr/bin/colcon', 'build', '--packages-select', 'py_pubsub']
[1.172s] DEBUG:colcon:Parsed command line arguments: Namespace(log_base=None, log_level=None, verb_name='build', build_base='build', install_base='install', merge_install=False, symlink_install=False, test_result_base=None, continue_on_error=False, executor='parallel', parallel_workers=4, event_handlers=None, ignore_user_meta=False, metas=['./colcon.meta'], base_paths=['.'], packages_ignore=None, packages_ignore_regex=None, paths=None, packages_up_to=None, packages_up_to_regex=None, packages_above=None, packages_above_and_dependencies=None, packages_above_depth=None, packages_select_by_dep=None, packages_skip_by_dep=None, packages_skip_up_to=None, packages_select_build_failed=False, packages_skip_build_finished=False, packages_select_test_failures=False, packages_skip_test_passed=False, packages_select=['py_pubsub'], packages_skip=None, packages_select_regex=None, packages_skip_regex=None, packages_start=None, packages_end=None, allow_overriding=[], cmake_args=None, cmake_target=None, cmake_target_skip_unavailable=False, cmake_clean_cache=False, cmake_clean_first=False, cmake_force_configure=False, ament_cmake_args=None, catkin_cmake_args=None, catkin_skip_building_tests=False, verb_parser=<colcon_defaults.argument_parser.defaults.DefaultArgumentsDecorator object at 0xffffab486d40>, verb_extension=<colcon_core.verb.build.BuildVerb object at 0xffffab5bb130>, main=<bound method BuildVerb.main of <colcon_core.verb.build.BuildVerb object at 0xffffab5bb130>>)
[3.054s] Level 1:colcon.colcon_core.package_discovery:discover_packages(colcon_meta) check parameters
[3.055s] Level 1:colcon.colcon_core.package_discovery:discover_packages(recursive) check parameters
[3.056s] Level 1:colcon.colcon_core.package_discovery:discover_packages(ignore) check parameters
[3.056s] Level 1:colcon.colcon_core.package_discovery:discover_packages(path) check parameters
[3.056s] Level 1:colcon.colcon_core.package_discovery:discover_packages(colcon_meta) discover
[3.057s] Level 1:colcon.colcon_core.package_discovery:discover_packages(recursive) discover
[3.057s] INFO:colcon.colcon_core.package_discovery:Crawling recursively for packages in '/home/keime/ros2_ws'
[3.058s] Level 1:colcon.colcon_core.package_identification:_identify(.) by extensions ['ignore', 'ignore_ament_install']
[3.059s] Level 1:colcon.colcon_core.package_identification:_identify(.) by extension 'ignore'
[3.059s] Level 1:colcon.colcon_core.package_identification:_identify(.) by extension 'ignore_ament_install'
[3.060s] Level 1:colcon.colcon_core.package_identification:_identify(.) by extensions ['colcon_pkg']
[3.060s] Level 1:colcon.colcon_core.package_identification:_identify(.) by extension 'colcon_pkg'
[3.061s] Level 1:colcon.colcon_core.package_identification:_identify(.) by extensions ['colcon_meta']
[3.061s] Level 1:colcon.colcon_core.package_identification:_identify(.) by extension 'colcon_meta'
[3.062s] Level 1:colcon.colcon_core.package_identification:_identify(.) by extensions ['ros']
[3.062s] Level 1:colcon.colcon_core.package_identification:_identify(.) by extension 'ros'
[3.179s] Level 1:colcon.colcon_core.package_identification:_identify(.) by extensions ['cmake', 'python']
[3.180s] Level 1:colcon.colcon_core.package_identification:_identify(.) by extension 'cmake'
[3.180s] Level 1:colcon.colcon_core.package_identification:_identify(.) by extension 'python'
[3.181s] Level 1:colcon.colcon_core.package_identification:_identify(.) by extensions ['python_setup_py']
[3.181s] Level 1:colcon.colcon_core.package_identification:_identify(.) by extension 'python_setup_py'
[3.182s] Level 1:colcon.colcon_core.package_identification:_identify(build) by extensions ['ignore', 'ignore_ament_install']
[3.183s] Level 1:colcon.colcon_core.package_identification:_identify(build) by extension 'ignore'
[3.184s] Level 1:colcon.colcon_core.package_identification:_identify(build) ignored
[3.185s] Level 1:colcon.colcon_core.package_identification:_identify(install) by extensions ['ignore', 'ignore_ament_install']
[3.186s] Level 1:colcon.colcon_core.package_identification:_identify(install) by extension 'ignore'
[3.187s] Level 1:colcon.colcon_core.package_identification:_identify(install) ignored
[3.188s] Level 1:colcon.colcon_core.package_identification:_identify(log) by extensions ['ignore', 'ignore_ament_install']
[3.189s] Level 1:colcon.colcon_core.package_identification:_identify(log) by extension 'ignore'
[3.189s] Level 1:colcon.colcon_core.package_identification:_identify(log) ignored
[3.190s] Level 1:colcon.colcon_core.package_identification:_identify(src) by extensions ['ignore', 'ignore_ament_install']
[3.191s] Level 1:colcon.colcon_core.package_identification:_identify(src) by extension 'ignore'
[3.191s] Level 1:colcon.colcon_core.package_identification:_identify(src) by extension 'ignore_ament_install'
[3.192s] Level 1:colcon.colcon_core.package_identification:_identify(src) by extensions ['colcon_pkg']
[3.192s] Level 1:colcon.colcon_core.package_identification:_identify(src) by extension 'colcon_pkg'
[3.193s] Level 1:colcon.colcon_core.package_identification:_identify(src) by extensions ['colcon_meta']
[3.193s] Level 1:colcon.colcon_core.package_identification:_identify(src) by extension 'colcon_meta'
[3.194s] Level 1:colcon.colcon_core.package_identification:_identify(src) by extensions ['ros']
[3.194s] Level 1:colcon.colcon_core.package_identification:_identify(src) by extension 'ros'
[3.195s] Level 1:colcon.colcon_core.package_identification:_identify(src) by extensions ['cmake', 'python']
[3.195s] Level 1:colcon.colcon_core.package_identification:_identify(src) by extension 'cmake'
[3.196s] Level 1:colcon.colcon_core.package_identification:_identify(src) by extension 'python'
[3.196s] Level 1:colcon.colcon_core.package_identification:_identify(src) by extensions ['python_setup_py']
[3.197s] Level 1:colcon.colcon_core.package_identification:_identify(src) by extension 'python_setup_py'
[3.198s] Level 1:colcon.colcon_core.package_identification:_identify(src/py_pubsub) by extensions ['ignore', 'ignore_ament_install']
[3.199s] Level 1:colcon.colcon_core.package_identification:_identify(src/py_pubsub) by extension 'ignore'
[3.199s] Level 1:colcon.colcon_core.package_identification:_identify(src/py_pubsub) by extension 'ignore_ament_install'
[3.200s] Level 1:colcon.colcon_core.package_identification:_identify(src/py_pubsub) by extensions ['colcon_pkg']
[3.200s] Level 1:colcon.colcon_core.package_identification:_identify(src/py_pubsub) by extension 'colcon_pkg'
[3.201s] Level 1:colcon.colcon_core.package_identification:_identify(src/py_pubsub) by extensions ['colcon_meta']
[3.201s] Level 1:colcon.colcon_core.package_identification:_identify(src/py_pubsub) by extension 'colcon_meta'
[3.202s] Level 1:colcon.colcon_core.package_identification:_identify(src/py_pubsub) by extensions ['ros']
[3.202s] Level 1:colcon.colcon_core.package_identification:_identify(src/py_pubsub) by extension 'ros'
[3.237s] DEBUG:colcon.colcon_core.package_identification:Package 'src/py_pubsub' with type 'ros.ament_python' and name 'py_pubsub'
[3.237s] Level 1:colcon.colcon_core.package_discovery:discover_packages(recursive) using defaults
[3.238s] Level 1:colcon.colcon_core.package_discovery:discover_packages(ignore) discover
[3.238s] Level 1:colcon.colcon_core.package_discovery:discover_packages(ignore) using defaults
[3.239s] Level 1:colcon.colcon_core.package_discovery:discover_packages(path) discover
[3.239s] Level 1:colcon.colcon_core.package_discovery:discover_packages(path) using defaults
[3.442s] Level 1:colcon.colcon_core.package_discovery:discover_packages(prefix_path) check parameters
[3.443s] Level 1:colcon.colcon_core.package_discovery:discover_packages(prefix_path) discover
[3.462s] DEBUG:colcon.colcon_installed_package_information.package_discovery:Found 1 installed packages in /home/keime/ros2_ws/install
[3.478s] DEBUG:colcon.colcon_installed_package_information.package_discovery:Found 182 installed packages in /opt/ros/humble
[3.491s] Level 1:colcon.colcon_core.package_discovery:discover_packages(prefix_path) using defaults
[3.822s] Level 5:colcon.colcon_core.verb:set package 'py_pubsub' build argument 'cmake_args' from command line to 'None'
[3.823s] Level 5:colcon.colcon_core.verb:set package 'py_pubsub' build argument 'cmake_target' from command line to 'None'
[3.823s] Level 5:colcon.colcon_core.verb:set package 'py_pubsub' build argument 'cmake_target_skip_unavailable' from command line to 'False'
[3.823s] Level 5:colcon.colcon_core.verb:set package 'py_pubsub' build argument 'cmake_clean_cache' from command line to 'False'
[3.824s] Level 5:colcon.colcon_core.verb:set package 'py_pubsub' build argument 'cmake_clean_first' from command line to 'False'
[3.824s] Level 5:colcon.colcon_core.verb:set package 'py_pubsub' build argument 'cmake_force_configure' from command line to 'False'
[3.824s] Level 5:colcon.colcon_core.verb:set package 'py_pubsub' build argument 'ament_cmake_args' from command line to 'None'
[3.824s] Level 5:colcon.colcon_core.verb:set package 'py_pubsub' build argument 'catkin_cmake_args' from command line to 'None'
[3.825s] Level 5:colcon.colcon_core.verb:set package 'py_pubsub' build argument 'catkin_skip_building_tests' from command line to 'False'
[3.825s] DEBUG:colcon.colcon_core.verb:Building package 'py_pubsub' with the following arguments: {'ament_cmake_args': None, 'build_base': '/home/keime/ros2_ws/build/py_pubsub', 'catkin_cmake_args': None, 'catkin_skip_building_tests': False, 'cmake_args': None, 'cmake_clean_cache': False, 'cmake_clean_first': False, 'cmake_force_configure': False, 'cmake_target': None, 'cmake_target_skip_unavailable': False, 'install_base': '/home/keime/ros2_ws/install/py_pubsub', 'merge_install': False, 'path': '/home/keime/ros2_ws/src/py_pubsub', 'symlink_install': False, 'test_result_base': None}
[3.827s] INFO:colcon.colcon_core.executor:Executing jobs using 'parallel' executor
[3.834s] DEBUG:colcon.colcon_parallel_executor.executor.parallel:run_until_complete
[3.836s] INFO:colcon.colcon_ros.task.ament_python.build:Building ROS package in '/home/keime/ros2_ws/src/py_pubsub' with build type 'ament_python'
[3.838s] Level 1:colcon.colcon_core.shell:create_environment_hook('py_pubsub', 'ament_prefix_path')
[3.861s] INFO:colcon.colcon_core.plugin_system:Skipping extension 'colcon_core.shell.bat': Not used on non-Windows systems
[3.864s] INFO:colcon.colcon_core.shell:Creating environment hook '/home/keime/ros2_ws/install/py_pubsub/share/py_pubsub/hook/ament_prefix_path.ps1'
[3.870s] INFO:colcon.colcon_core.shell:Creating environment descriptor '/home/keime/ros2_ws/install/py_pubsub/share/py_pubsub/hook/ament_prefix_path.dsv'
[3.874s] INFO:colcon.colcon_core.shell:Creating environment hook '/home/keime/ros2_ws/install/py_pubsub/share/py_pubsub/hook/ament_prefix_path.sh'
[3.883s] INFO:colcon.colcon_core.shell:Skip shell extension 'powershell' for command environment: Not usable outside of PowerShell
[3.883s] DEBUG:colcon.colcon_core.shell:Skip shell extension 'dsv' for command environment
[6.781s] INFO:colcon.colcon_core.task.python.build:Building Python package in '/home/keime/ros2_ws/src/py_pubsub'
[6.783s] INFO:colcon.colcon_core.shell:Skip shell extension 'powershell' for command environment: Not usable outside of PowerShell
[6.784s] DEBUG:colcon.colcon_core.shell:Skip shell extension 'dsv' for command environment
[10.624s] DEBUG:colcon.colcon_core.event_handler.log_command:Invoking command in '/home/keime/ros2_ws/src/py_pubsub': PYTHONPATH=/home/keime/ros2_ws/build/py_pubsub/prefix_override:/home/keime/ros2_ws/install/py_pubsub/lib/python3.10/site-packages:${PYTHONPATH} /usr/bin/python3 -W ignore:setup.py install is deprecated setup.py egg_info --egg-base ../../build/py_pubsub build --build-base /home/keime/ros2_ws/build/py_pubsub/build install --record /home/keime/ros2_ws/build/py_pubsub/install.log --single-version-externally-managed install_data
[13.770s] DEBUG:colcon.colcon_core.event_handler.log_command:Invoked command in '/home/keime/ros2_ws/src/py_pubsub' returned '0': PYTHONPATH=/home/keime/ros2_ws/build/py_pubsub/prefix_override:/home/keime/ros2_ws/install/py_pubsub/lib/python3.10/site-packages:${PYTHONPATH} /usr/bin/python3 -W ignore:setup.py install is deprecated setup.py egg_info --egg-base ../../build/py_pubsub build --build-base /home/keime/ros2_ws/build/py_pubsub/build install --record /home/keime/ros2_ws/build/py_pubsub/install.log --single-version-externally-managed install_data
[13.799s] Level 1:colcon.colcon_core.environment:checking '/home/keime/ros2_ws/install/py_pubsub' for CMake module files
[13.805s] Level 1:colcon.colcon_core.environment:checking '/home/keime/ros2_ws/install/py_pubsub' for CMake config files
[13.814s] Level 1:colcon.colcon_core.environment:checking '/home/keime/ros2_ws/install/py_pubsub/lib'
[13.816s] Level 1:colcon.colcon_core.environment:checking '/home/keime/ros2_ws/install/py_pubsub/bin'
[13.816s] Level 1:colcon.colcon_core.environment:checking '/home/keime/ros2_ws/install/py_pubsub/lib/pkgconfig/py_pubsub.pc'
[13.819s] Level 1:colcon.colcon_core.environment:checking '/home/keime/ros2_ws/install/py_pubsub/lib/python3.10/site-packages'
[13.820s] Level 1:colcon.colcon_core.shell:create_environment_hook('py_pubsub', 'pythonpath')
[13.822s] INFO:colcon.colcon_core.shell:Creating environment hook '/home/keime/ros2_ws/install/py_pubsub/share/py_pubsub/hook/pythonpath.ps1'
[13.828s] INFO:colcon.colcon_core.shell:Creating environment descriptor '/home/keime/ros2_ws/install/py_pubsub/share/py_pubsub/hook/pythonpath.dsv'
[13.832s] INFO:colcon.colcon_core.shell:Creating environment hook '/home/keime/ros2_ws/install/py_pubsub/share/py_pubsub/hook/pythonpath.sh'
[13.838s] Level 1:colcon.colcon_core.environment:checking '/home/keime/ros2_ws/install/py_pubsub/bin'
[13.839s] Level 1:colcon.colcon_core.environment:create_environment_scripts_only(py_pubsub)
[13.842s] INFO:colcon.colcon_core.shell:Creating package script '/home/keime/ros2_ws/install/py_pubsub/share/py_pubsub/package.ps1'
[13.851s] INFO:colcon.colcon_core.shell:Creating package descriptor '/home/keime/ros2_ws/install/py_pubsub/share/py_pubsub/package.dsv'
[13.857s] INFO:colcon.colcon_core.shell:Creating package script '/home/keime/ros2_ws/install/py_pubsub/share/py_pubsub/package.sh'
[13.865s] INFO:colcon.colcon_core.shell:Creating package script '/home/keime/ros2_ws/install/py_pubsub/share/py_pubsub/package.bash'
[13.874s] INFO:colcon.colcon_core.shell:Creating package script '/home/keime/ros2_ws/install/py_pubsub/share/py_pubsub/package.zsh'
[13.882s] Level 1:colcon.colcon_core.environment:create_file_with_runtime_dependencies(/home/keime/ros2_ws/install/py_pubsub/share/colcon-core/packages/py_pubsub)
[13.884s] DEBUG:colcon.colcon_parallel_executor.executor.parallel:closing loop
[13.887s] DEBUG:colcon.colcon_parallel_executor.executor.parallel:loop closed
[13.889s] DEBUG:colcon.colcon_parallel_executor.executor.parallel:run_until_complete finished with '0'
[13.889s] DEBUG:colcon.colcon_core.event_reactor:joining thread
[13.945s] INFO:colcon.colcon_core.plugin_system:Skipping extension 'colcon_notification.desktop_notification.notify_send': Could not find 'notify-send'
[13.946s] INFO:colcon.colcon_core.plugin_system:Skipping extension 'colcon_notification.desktop_notification.terminal_notifier': Not used on non-Darwin systems
[13.947s] INFO:colcon.colcon_core.plugin_system:Skipping extension 'colcon_notification.desktop_notification.win32': Not used on non-Windows systems
[13.947s] INFO:colcon.colcon_notification.desktop_notification:Sending desktop notification using 'notify2'
[13.954s] DEBUG:colcon.colcon_notification.desktop_notification.notify2:Failed to initialize notify2: org.freedesktop.DBus.Error.ServiceUnknown: The name org.freedesktop.Notifications was not provided by any .service files
[13.955s] DEBUG:colcon.colcon_core.event_reactor:joined thread
[13.958s] INFO:colcon.colcon_core.shell:Creating prefix script '/home/keime/ros2_ws/install/local_setup.ps1'
[13.967s] INFO:colcon.colcon_core.shell:Creating prefix util module '/home/keime/ros2_ws/install/_local_setup_util_ps1.py'
[13.983s] INFO:colcon.colcon_core.shell:Creating prefix chain script '/home/keime/ros2_ws/install/setup.ps1'
[13.994s] INFO:colcon.colcon_core.shell:Creating prefix script '/home/keime/ros2_ws/install/local_setup.sh'
[14.001s] INFO:colcon.colcon_core.shell:Creating prefix util module '/home/keime/ros2_ws/install/_local_setup_util_sh.py'
[14.006s] INFO:colcon.colcon_core.shell:Creating prefix chain script '/home/keime/ros2_ws/install/setup.sh'
[14.017s] INFO:colcon.colcon_core.shell:Creating prefix script '/home/keime/ros2_ws/install/local_setup.bash'
[14.023s] INFO:colcon.colcon_core.shell:Creating prefix chain script '/home/keime/ros2_ws/install/setup.bash'
[14.033s] INFO:colcon.colcon_core.shell:Creating prefix script '/home/keime/ros2_ws/install/local_setup.zsh'
[14.038s] INFO:colcon.colcon_core.shell:Creating prefix chain script '/home/keime/ros2_ws/install/setup.zsh'
