[7.713s] Invoking command in '/home/keime/ros2_ws/src/robot_controller': PYTHONPATH=/home/keime/ros2_ws/build/robot_controller/prefix_override:/home/keime/ros2_ws/install/robot_controller/lib/python3.10/site-packages:${PYTHONPATH} /usr/bin/python3 -W ignore:setup.py install is deprecated setup.py egg_info --egg-base ../../build/robot_controller build --build-base /home/keime/ros2_ws/build/robot_controller/build install --record /home/keime/ros2_ws/build/robot_controller/install.log --single-version-externally-managed install_data
[10.296s] running egg_info
[10.302s] writing ../../build/robot_controller/robot_controller.egg-info/PKG-INFO
[10.306s] writing dependency_links to ../../build/robot_controller/robot_controller.egg-info/dependency_links.txt
[10.308s] writing entry points to ../../build/robot_controller/robot_controller.egg-info/entry_points.txt
[10.310s] writing requirements to ../../build/robot_controller/robot_controller.egg-info/requires.txt
[10.311s] writing top-level names to ../../build/robot_controller/robot_controller.egg-info/top_level.txt
[10.330s] reading manifest file '../../build/robot_controller/robot_controller.egg-info/SOURCES.txt'
[10.344s] writing manifest file '../../build/robot_controller/robot_controller.egg-info/SOURCES.txt'
[10.345s] running build
[10.346s] running build_py
[10.350s] copying robot_controller/command_subscriber.py -> /home/keime/ros2_ws/build/robot_controller/build/lib/robot_controller
[10.355s] running install
[10.358s] running install_lib
[10.367s] copying /home/keime/ros2_ws/build/robot_controller/build/lib/robot_controller/command_subscriber.py -> /home/keime/ros2_ws/install/robot_controller/lib/python3.10/site-packages/robot_controller
[10.375s] byte-compiling /home/keime/ros2_ws/install/robot_controller/lib/python3.10/site-packages/robot_controller/command_subscriber.py to command_subscriber.cpython-310.pyc
[10.380s] running install_data
[10.385s] copying package.xml -> /home/keime/ros2_ws/install/robot_controller/share/robot_controller
[10.387s] running install_egg_info
[10.404s] removing '/home/keime/ros2_ws/install/robot_controller/lib/python3.10/site-packages/robot_controller-0.0.0-py3.10.egg-info' (and everything under it)
[10.408s] Copying ../../build/robot_controller/robot_controller.egg-info to /home/keime/ros2_ws/install/robot_controller/lib/python3.10/site-packages/robot_controller-0.0.0-py3.10.egg-info
[10.423s] running install_scripts
[10.622s] Installing subscriber script to /home/keime/ros2_ws/install/robot_controller/lib/robot_controller
[10.628s] writing list of installed files to '/home/keime/ros2_ws/build/robot_controller/install.log'
[10.888s] Invoked command in '/home/keime/ros2_ws/src/robot_controller' returned '0': PYTHONPATH=/home/keime/ros2_ws/build/robot_controller/prefix_override:/home/keime/ros2_ws/install/robot_controller/lib/python3.10/site-packages:${PYTHONPATH} /usr/bin/python3 -W ignore:setup.py install is deprecated setup.py egg_info --egg-base ../../build/robot_controller build --build-base /home/keime/ros2_ws/build/robot_controller/build install --record /home/keime/ros2_ws/build/robot_controller/install.log --single-version-externally-managed install_data
