[6.742s] Invoking command in '/home/keime/ros2_ws/src/py_pubsub': PYTHONPATH=/home/keime/ros2_ws/build/py_pubsub/prefix_override:/home/keime/ros2_ws/install/py_pubsub/lib/python3.10/site-packages:${PYTHONPATH} /usr/bin/python3 -W ignore:setup.py install is deprecated setup.py egg_info --egg-base ../../build/py_pubsub build --build-base /home/keime/ros2_ws/build/py_pubsub/build install --record /home/keime/ros2_ws/build/py_pubsub/install.log --single-version-externally-managed install_data
[9.316s] running egg_info
[9.322s] writing ../../build/py_pubsub/py_pubsub.egg-info/PKG-INFO
[9.324s] writing dependency_links to ../../build/py_pubsub/py_pubsub.egg-info/dependency_links.txt
[9.327s] writing entry points to ../../build/py_pubsub/py_pubsub.egg-info/entry_points.txt
[9.328s] writing requirements to ../../build/py_pubsub/py_pubsub.egg-info/requires.txt
[9.330s] writing top-level names to ../../build/py_pubsub/py_pubsub.egg-info/top_level.txt
[9.347s] reading manifest file '../../build/py_pubsub/py_pubsub.egg-info/SOURCES.txt'
[9.359s] writing manifest file '../../build/py_pubsub/py_pubsub.egg-info/SOURCES.txt'
[9.360s] running build
[9.361s] running build_py
[9.366s] running install
[9.369s] running install_lib
[9.382s] running install_data
[9.384s] running install_egg_info
[9.400s] removing '/home/keime/ros2_ws/install/py_pubsub/lib/python3.10/site-packages/py_pubsub-0.0.0-py3.10.egg-info' (and everything under it)
[9.404s] Copying ../../build/py_pubsub/py_pubsub.egg-info to /home/keime/ros2_ws/install/py_pubsub/lib/python3.10/site-packages/py_pubsub-0.0.0-py3.10.egg-info
[9.417s] running install_scripts
[9.615s] Installing listener script to /home/keime/ros2_ws/install/py_pubsub/lib/py_pubsub
[9.617s] Installing talker script to /home/keime/ros2_ws/install/py_pubsub/lib/py_pubsub
[9.621s] writing list of installed files to '/home/keime/ros2_ws/build/py_pubsub/install.log'
[9.878s] Invoked command in '/home/keime/ros2_ws/src/py_pubsub' returned '0': PYTHONPATH=/home/keime/ros2_ws/build/py_pubsub/prefix_override:/home/keime/ros2_ws/install/py_pubsub/lib/python3.10/site-packages:${PYTHONPATH} /usr/bin/python3 -W ignore:setup.py install is deprecated setup.py egg_info --egg-base ../../build/py_pubsub build --build-base /home/keime/ros2_ws/build/py_pubsub/build install --record /home/keime/ros2_ws/build/py_pubsub/install.log --single-version-externally-managed install_data
