[1.156s] DEBUG:colcon:Command line arguments: ['/usr/bin/colcon', 'build', '--packages-select', 'py_pubsub']
[1.157s] DEBUG:colcon:Parsed command line arguments: Namespace(log_base=None, log_level=None, verb_name='build', build_base='build', install_base='install', merge_install=False, symlink_install=False, test_result_base=None, continue_on_error=False, executor='parallel', parallel_workers=4, event_handlers=None, ignore_user_meta=False, metas=['./colcon.meta'], base_paths=['.'], packages_ignore=None, packages_ignore_regex=None, paths=None, packages_up_to=None, packages_up_to_regex=None, packages_above=None, packages_above_and_dependencies=None, packages_above_depth=None, packages_select_by_dep=None, packages_skip_by_dep=None, packages_skip_up_to=None, packages_select_build_failed=False, packages_skip_build_finished=False, packages_select_test_failures=False, packages_skip_test_passed=False, packages_select=['py_pubsub'], packages_skip=None, packages_select_regex=None, packages_skip_regex=None, packages_start=None, packages_end=None, allow_overriding=[], cmake_args=None, cmake_target=None, cmake_target_skip_unavailable=False, cmake_clean_cache=False, cmake_clean_first=False, cmake_force_configure=False, ament_cmake_args=None, catkin_cmake_args=None, catkin_skip_building_tests=False, verb_parser=<colcon_defaults.argument_parser.defaults.DefaultArgumentsDecorator object at 0xffff7f5f6d10>, verb_extension=<colcon_core.verb.build.BuildVerb object at 0xffff7f72b100>, main=<bound method BuildVerb.main of <colcon_core.verb.build.BuildVerb object at 0xffff7f72b100>>)
[3.013s] Level 1:colcon.colcon_core.package_discovery:discover_packages(colcon_meta) check parameters
[3.014s] Level 1:colcon.colcon_core.package_discovery:discover_packages(recursive) check parameters
[3.015s] Level 1:colcon.colcon_core.package_discovery:discover_packages(ignore) check parameters
[3.015s] Level 1:colcon.colcon_core.package_discovery:discover_packages(path) check parameters
[3.015s] Level 1:colcon.colcon_core.package_discovery:discover_packages(colcon_meta) discover
[3.016s] Level 1:colcon.colcon_core.package_discovery:discover_packages(recursive) discover
[3.016s] INFO:colcon.colcon_core.package_discovery:Crawling recursively for packages in '/home/keime/ros2_ws'
[3.017s] Level 1:colcon.colcon_core.package_identification:_identify(.) by extensions ['ignore', 'ignore_ament_install']
[3.018s] Level 1:colcon.colcon_core.package_identification:_identify(.) by extension 'ignore'
[3.019s] Level 1:colcon.colcon_core.package_identification:_identify(.) by extension 'ignore_ament_install'
[3.019s] Level 1:colcon.colcon_core.package_identification:_identify(.) by extensions ['colcon_pkg']
[3.020s] Level 1:colcon.colcon_core.package_identification:_identify(.) by extension 'colcon_pkg'
[3.020s] Level 1:colcon.colcon_core.package_identification:_identify(.) by extensions ['colcon_meta']
[3.020s] Level 1:colcon.colcon_core.package_identification:_identify(.) by extension 'colcon_meta'
[3.021s] Level 1:colcon.colcon_core.package_identification:_identify(.) by extensions ['ros']
[3.021s] Level 1:colcon.colcon_core.package_identification:_identify(.) by extension 'ros'
[3.139s] Level 1:colcon.colcon_core.package_identification:_identify(.) by extensions ['cmake', 'python']
[3.139s] Level 1:colcon.colcon_core.package_identification:_identify(.) by extension 'cmake'
[3.140s] Level 1:colcon.colcon_core.package_identification:_identify(.) by extension 'python'
[3.140s] Level 1:colcon.colcon_core.package_identification:_identify(.) by extensions ['python_setup_py']
[3.141s] Level 1:colcon.colcon_core.package_identification:_identify(.) by extension 'python_setup_py'
[3.142s] Level 1:colcon.colcon_core.package_identification:_identify(build) by extensions ['ignore', 'ignore_ament_install']
[3.143s] Level 1:colcon.colcon_core.package_identification:_identify(build) by extension 'ignore'
[3.143s] Level 1:colcon.colcon_core.package_identification:_identify(build) ignored
[3.145s] Level 1:colcon.colcon_core.package_identification:_identify(install) by extensions ['ignore', 'ignore_ament_install']
[3.146s] Level 1:colcon.colcon_core.package_identification:_identify(install) by extension 'ignore'
[3.146s] Level 1:colcon.colcon_core.package_identification:_identify(install) ignored
[3.148s] Level 1:colcon.colcon_core.package_identification:_identify(log) by extensions ['ignore', 'ignore_ament_install']
[3.148s] Level 1:colcon.colcon_core.package_identification:_identify(log) by extension 'ignore'
[3.149s] Level 1:colcon.colcon_core.package_identification:_identify(log) ignored
[3.150s] Level 1:colcon.colcon_core.package_identification:_identify(src) by extensions ['ignore', 'ignore_ament_install']
[3.151s] Level 1:colcon.colcon_core.package_identification:_identify(src) by extension 'ignore'
[3.151s] Level 1:colcon.colcon_core.package_identification:_identify(src) by extension 'ignore_ament_install'
[3.152s] Level 1:colcon.colcon_core.package_identification:_identify(src) by extensions ['colcon_pkg']
[3.152s] Level 1:colcon.colcon_core.package_identification:_identify(src) by extension 'colcon_pkg'
[3.153s] Level 1:colcon.colcon_core.package_identification:_identify(src) by extensions ['colcon_meta']
[3.153s] Level 1:colcon.colcon_core.package_identification:_identify(src) by extension 'colcon_meta'
[3.153s] Level 1:colcon.colcon_core.package_identification:_identify(src) by extensions ['ros']
[3.154s] Level 1:colcon.colcon_core.package_identification:_identify(src) by extension 'ros'
[3.154s] Level 1:colcon.colcon_core.package_identification:_identify(src) by extensions ['cmake', 'python']
[3.155s] Level 1:colcon.colcon_core.package_identification:_identify(src) by extension 'cmake'
[3.155s] Level 1:colcon.colcon_core.package_identification:_identify(src) by extension 'python'
[3.156s] Level 1:colcon.colcon_core.package_identification:_identify(src) by extensions ['python_setup_py']
[3.156s] Level 1:colcon.colcon_core.package_identification:_identify(src) by extension 'python_setup_py'
[3.157s] Level 1:colcon.colcon_core.package_identification:_identify(src/py_pubsub) by extensions ['ignore', 'ignore_ament_install']
[3.158s] Level 1:colcon.colcon_core.package_identification:_identify(src/py_pubsub) by extension 'ignore'
[3.159s] Level 1:colcon.colcon_core.package_identification:_identify(src/py_pubsub) by extension 'ignore_ament_install'
[3.160s] Level 1:colcon.colcon_core.package_identification:_identify(src/py_pubsub) by extensions ['colcon_pkg']
[3.160s] Level 1:colcon.colcon_core.package_identification:_identify(src/py_pubsub) by extension 'colcon_pkg'
[3.160s] Level 1:colcon.colcon_core.package_identification:_identify(src/py_pubsub) by extensions ['colcon_meta']
[3.161s] Level 1:colcon.colcon_core.package_identification:_identify(src/py_pubsub) by extension 'colcon_meta'
[3.161s] Level 1:colcon.colcon_core.package_identification:_identify(src/py_pubsub) by extensions ['ros']
[3.161s] Level 1:colcon.colcon_core.package_identification:_identify(src/py_pubsub) by extension 'ros'
[3.196s] DEBUG:colcon.colcon_core.package_identification:Package 'src/py_pubsub' with type 'ros.ament_python' and name 'py_pubsub'
[3.197s] Level 1:colcon.colcon_core.package_discovery:discover_packages(recursive) using defaults
[3.197s] Level 1:colcon.colcon_core.package_discovery:discover_packages(ignore) discover
[3.198s] Level 1:colcon.colcon_core.package_discovery:discover_packages(ignore) using defaults
[3.198s] Level 1:colcon.colcon_core.package_discovery:discover_packages(path) discover
[3.198s] Level 1:colcon.colcon_core.package_discovery:discover_packages(path) using defaults
[3.393s] Level 1:colcon.colcon_core.package_discovery:discover_packages(prefix_path) check parameters
[3.394s] Level 1:colcon.colcon_core.package_discovery:discover_packages(prefix_path) discover
[3.413s] DEBUG:colcon.colcon_installed_package_information.package_discovery:Found 1 installed packages in /home/keime/ros2_ws/install
[3.429s] DEBUG:colcon.colcon_installed_package_information.package_discovery:Found 182 installed packages in /opt/ros/humble
[3.442s] Level 1:colcon.colcon_core.package_discovery:discover_packages(prefix_path) using defaults
[3.769s] Level 5:colcon.colcon_core.verb:set package 'py_pubsub' build argument 'cmake_args' from command line to 'None'
[3.769s] Level 5:colcon.colcon_core.verb:set package 'py_pubsub' build argument 'cmake_target' from command line to 'None'
[3.769s] Level 5:colcon.colcon_core.verb:set package 'py_pubsub' build argument 'cmake_target_skip_unavailable' from command line to 'False'
[3.770s] Level 5:colcon.colcon_core.verb:set package 'py_pubsub' build argument 'cmake_clean_cache' from command line to 'False'
[3.770s] Level 5:colcon.colcon_core.verb:set package 'py_pubsub' build argument 'cmake_clean_first' from command line to 'False'
[3.770s] Level 5:colcon.colcon_core.verb:set package 'py_pubsub' build argument 'cmake_force_configure' from command line to 'False'
[3.770s] Level 5:colcon.colcon_core.verb:set package 'py_pubsub' build argument 'ament_cmake_args' from command line to 'None'
[3.771s] Level 5:colcon.colcon_core.verb:set package 'py_pubsub' build argument 'catkin_cmake_args' from command line to 'None'
[3.771s] Level 5:colcon.colcon_core.verb:set package 'py_pubsub' build argument 'catkin_skip_building_tests' from command line to 'False'
[3.772s] DEBUG:colcon.colcon_core.verb:Building package 'py_pubsub' with the following arguments: {'ament_cmake_args': None, 'build_base': '/home/keime/ros2_ws/build/py_pubsub', 'catkin_cmake_args': None, 'catkin_skip_building_tests': False, 'cmake_args': None, 'cmake_clean_cache': False, 'cmake_clean_first': False, 'cmake_force_configure': False, 'cmake_target': None, 'cmake_target_skip_unavailable': False, 'install_base': '/home/keime/ros2_ws/install/py_pubsub', 'merge_install': False, 'path': '/home/keime/ros2_ws/src/py_pubsub', 'symlink_install': False, 'test_result_base': None}
[3.773s] INFO:colcon.colcon_core.executor:Executing jobs using 'parallel' executor
[3.780s] DEBUG:colcon.colcon_parallel_executor.executor.parallel:run_until_complete
[3.782s] INFO:colcon.colcon_ros.task.ament_python.build:Building ROS package in '/home/keime/ros2_ws/src/py_pubsub' with build type 'ament_python'
[3.783s] Level 1:colcon.colcon_core.shell:create_environment_hook('py_pubsub', 'ament_prefix_path')
[3.808s] INFO:colcon.colcon_core.plugin_system:Skipping extension 'colcon_core.shell.bat': Not used on non-Windows systems
[3.810s] INFO:colcon.colcon_core.shell:Creating environment hook '/home/keime/ros2_ws/install/py_pubsub/share/py_pubsub/hook/ament_prefix_path.ps1'
[3.816s] INFO:colcon.colcon_core.shell:Creating environment descriptor '/home/keime/ros2_ws/install/py_pubsub/share/py_pubsub/hook/ament_prefix_path.dsv'
[3.821s] INFO:colcon.colcon_core.shell:Creating environment hook '/home/keime/ros2_ws/install/py_pubsub/share/py_pubsub/hook/ament_prefix_path.sh'
[3.829s] INFO:colcon.colcon_core.shell:Skip shell extension 'powershell' for command environment: Not usable outside of PowerShell
[3.830s] DEBUG:colcon.colcon_core.shell:Skip shell extension 'dsv' for command environment
[6.700s] INFO:colcon.colcon_core.task.python.build:Building Python package in '/home/keime/ros2_ws/src/py_pubsub'
[6.702s] INFO:colcon.colcon_core.shell:Skip shell extension 'powershell' for command environment: Not usable outside of PowerShell
[6.703s] DEBUG:colcon.colcon_core.shell:Skip shell extension 'dsv' for command environment
[10.525s] DEBUG:colcon.colcon_core.event_handler.log_command:Invoking command in '/home/keime/ros2_ws/src/py_pubsub': PYTHONPATH=/home/keime/ros2_ws/build/py_pubsub/prefix_override:/home/keime/ros2_ws/install/py_pubsub/lib/python3.10/site-packages:${PYTHONPATH} /usr/bin/python3 -W ignore:setup.py install is deprecated setup.py egg_info --egg-base ../../build/py_pubsub build --build-base /home/keime/ros2_ws/build/py_pubsub/build install --record /home/keime/ros2_ws/build/py_pubsub/install.log --single-version-externally-managed install_data
[13.699s] DEBUG:colcon.colcon_core.event_handler.log_command:Invoked command in '/home/keime/ros2_ws/src/py_pubsub' returned '0': PYTHONPATH=/home/keime/ros2_ws/build/py_pubsub/prefix_override:/home/keime/ros2_ws/install/py_pubsub/lib/python3.10/site-packages:${PYTHONPATH} /usr/bin/python3 -W ignore:setup.py install is deprecated setup.py egg_info --egg-base ../../build/py_pubsub build --build-base /home/keime/ros2_ws/build/py_pubsub/build install --record /home/keime/ros2_ws/build/py_pubsub/install.log --single-version-externally-managed install_data
[13.725s] Level 1:colcon.colcon_core.environment:checking '/home/keime/ros2_ws/install/py_pubsub' for CMake module files
[13.731s] Level 1:colcon.colcon_core.environment:checking '/home/keime/ros2_ws/install/py_pubsub' for CMake config files
[13.740s] Level 1:colcon.colcon_core.environment:checking '/home/keime/ros2_ws/install/py_pubsub/lib'
[13.742s] Level 1:colcon.colcon_core.environment:checking '/home/keime/ros2_ws/install/py_pubsub/bin'
[13.742s] Level 1:colcon.colcon_core.environment:checking '/home/keime/ros2_ws/install/py_pubsub/lib/pkgconfig/py_pubsub.pc'
[13.745s] Level 1:colcon.colcon_core.environment:checking '/home/keime/ros2_ws/install/py_pubsub/lib/python3.10/site-packages'
[13.746s] Level 1:colcon.colcon_core.shell:create_environment_hook('py_pubsub', 'pythonpath')
[13.748s] INFO:colcon.colcon_core.shell:Creating environment hook '/home/keime/ros2_ws/install/py_pubsub/share/py_pubsub/hook/pythonpath.ps1'
[13.752s] INFO:colcon.colcon_core.shell:Creating environment descriptor '/home/keime/ros2_ws/install/py_pubsub/share/py_pubsub/hook/pythonpath.dsv'
[13.756s] INFO:colcon.colcon_core.shell:Creating environment hook '/home/keime/ros2_ws/install/py_pubsub/share/py_pubsub/hook/pythonpath.sh'
[13.762s] Level 1:colcon.colcon_core.environment:checking '/home/keime/ros2_ws/install/py_pubsub/bin'
[13.763s] Level 1:colcon.colcon_core.environment:create_environment_scripts_only(py_pubsub)
[13.766s] INFO:colcon.colcon_core.shell:Creating package script '/home/keime/ros2_ws/install/py_pubsub/share/py_pubsub/package.ps1'
[13.775s] INFO:colcon.colcon_core.shell:Creating package descriptor '/home/keime/ros2_ws/install/py_pubsub/share/py_pubsub/package.dsv'
[13.782s] INFO:colcon.colcon_core.shell:Creating package script '/home/keime/ros2_ws/install/py_pubsub/share/py_pubsub/package.sh'
[13.791s] INFO:colcon.colcon_core.shell:Creating package script '/home/keime/ros2_ws/install/py_pubsub/share/py_pubsub/package.bash'
[13.799s] INFO:colcon.colcon_core.shell:Creating package script '/home/keime/ros2_ws/install/py_pubsub/share/py_pubsub/package.zsh'
[13.808s] Level 1:colcon.colcon_core.environment:create_file_with_runtime_dependencies(/home/keime/ros2_ws/install/py_pubsub/share/colcon-core/packages/py_pubsub)
[13.810s] DEBUG:colcon.colcon_parallel_executor.executor.parallel:closing loop
[13.813s] DEBUG:colcon.colcon_parallel_executor.executor.parallel:loop closed
[13.814s] DEBUG:colcon.colcon_parallel_executor.executor.parallel:run_until_complete finished with '0'
[13.815s] DEBUG:colcon.colcon_core.event_reactor:joining thread
[13.862s] INFO:colcon.colcon_core.plugin_system:Skipping extension 'colcon_notification.desktop_notification.notify_send': Could not find 'notify-send'
[13.863s] INFO:colcon.colcon_core.plugin_system:Skipping extension 'colcon_notification.desktop_notification.terminal_notifier': Not used on non-Darwin systems
[13.863s] INFO:colcon.colcon_core.plugin_system:Skipping extension 'colcon_notification.desktop_notification.win32': Not used on non-Windows systems
[13.864s] INFO:colcon.colcon_notification.desktop_notification:Sending desktop notification using 'notify2'
[13.870s] DEBUG:colcon.colcon_notification.desktop_notification.notify2:Failed to initialize notify2: org.freedesktop.DBus.Error.ServiceUnknown: The name org.freedesktop.Notifications was not provided by any .service files
[13.871s] DEBUG:colcon.colcon_core.event_reactor:joined thread
[13.873s] INFO:colcon.colcon_core.shell:Creating prefix script '/home/keime/ros2_ws/install/local_setup.ps1'
[13.883s] INFO:colcon.colcon_core.shell:Creating prefix util module '/home/keime/ros2_ws/install/_local_setup_util_ps1.py'
[13.900s] INFO:colcon.colcon_core.shell:Creating prefix chain script '/home/keime/ros2_ws/install/setup.ps1'
[13.910s] INFO:colcon.colcon_core.shell:Creating prefix script '/home/keime/ros2_ws/install/local_setup.sh'
[13.917s] INFO:colcon.colcon_core.shell:Creating prefix util module '/home/keime/ros2_ws/install/_local_setup_util_sh.py'
[13.923s] INFO:colcon.colcon_core.shell:Creating prefix chain script '/home/keime/ros2_ws/install/setup.sh'
[13.934s] INFO:colcon.colcon_core.shell:Creating prefix script '/home/keime/ros2_ws/install/local_setup.bash'
[13.939s] INFO:colcon.colcon_core.shell:Creating prefix chain script '/home/keime/ros2_ws/install/setup.bash'
[13.950s] INFO:colcon.colcon_core.shell:Creating prefix script '/home/keime/ros2_ws/install/local_setup.zsh'
[13.955s] INFO:colcon.colcon_core.shell:Creating prefix chain script '/home/keime/ros2_ws/install/setup.zsh'
