[6.887s] Invoking command in '/home/keime/ros2_ws/src/robot_controller': PYTHONPATH=/home/keime/ros2_ws/build/robot_controller/prefix_override:/home/keime/ros2_ws/install/robot_controller/lib/python3.10/site-packages:${PYTHONPATH} /usr/bin/python3 -W ignore:setup.py install is deprecated setup.py egg_info --egg-base ../../build/robot_controller build --build-base /home/keime/ros2_ws/build/robot_controller/build install --record /home/keime/ros2_ws/build/robot_controller/install.log --single-version-externally-managed install_data
[9.533s] running egg_info
[9.539s] writing ../../build/robot_controller/robot_controller.egg-info/PKG-INFO
[9.541s] writing dependency_links to ../../build/robot_controller/robot_controller.egg-info/dependency_links.txt
[9.544s] writing entry points to ../../build/robot_controller/robot_controller.egg-info/entry_points.txt
[9.546s] writing requirements to ../../build/robot_controller/robot_controller.egg-info/requires.txt
[9.547s] writing top-level names to ../../build/robot_controller/robot_controller.egg-info/top_level.txt
[9.564s] reading manifest file '../../build/robot_controller/robot_controller.egg-info/SOURCES.txt'
[9.576s] writing manifest file '../../build/robot_controller/robot_controller.egg-info/SOURCES.txt'
[9.578s] running build
[9.579s] running build_py
[9.582s] copying robot_controller/command_subscriber_action.py -> /home/keime/ros2_ws/build/robot_controller/build/lib/robot_controller
[9.585s] running install
[9.588s] running install_lib
[9.596s] copying /home/keime/ros2_ws/build/robot_controller/build/lib/robot_controller/command_subscriber_action.py -> /home/keime/ros2_ws/install/robot_controller/lib/python3.10/site-packages/robot_controller
[9.603s] byte-compiling /home/keime/ros2_ws/install/robot_controller/lib/python3.10/site-packages/robot_controller/command_subscriber_action.py to command_subscriber_action.cpython-310.pyc
[9.617s] running install_data
[9.619s] running install_egg_info
[9.635s] removing '/home/keime/ros2_ws/install/robot_controller/lib/python3.10/site-packages/robot_controller-0.0.0-py3.10.egg-info' (and everything under it)
[9.639s] Copying ../../build/robot_controller/robot_controller.egg-info to /home/keime/ros2_ws/install/robot_controller/lib/python3.10/site-packages/robot_controller-0.0.0-py3.10.egg-info
[9.653s] running install_scripts
[9.852s] Installing action script to /home/keime/ros2_ws/install/robot_controller/lib/robot_controller
[9.856s] writing list of installed files to '/home/keime/ros2_ws/build/robot_controller/install.log'
[10.116s] Invoked command in '/home/keime/ros2_ws/src/robot_controller' returned '0': PYTHONPATH=/home/keime/ros2_ws/build/robot_controller/prefix_override:/home/keime/ros2_ws/install/robot_controller/lib/python3.10/site-packages:${PYTHONPATH} /usr/bin/python3 -W ignore:setup.py install is deprecated setup.py egg_info --egg-base ../../build/robot_controller build --build-base /home/keime/ros2_ws/build/robot_controller/build install --record /home/keime/ros2_ws/build/robot_controller/install.log --single-version-externally-managed install_data
