[6.886s] Invoking command in '/home/keime/ros2_ws/src/robot_controller': PYTHONPATH=/home/keime/ros2_ws/build/robot_controller/prefix_override:/home/keime/ros2_ws/install/robot_controller/lib/python3.10/site-packages:${PYTHONPATH} /usr/bin/python3 -W ignore:setup.py install is deprecated setup.py egg_info --egg-base ../../build/robot_controller build --build-base /home/keime/ros2_ws/build/robot_controller/build install --record /home/keime/ros2_ws/build/robot_controller/install.log --single-version-externally-managed install_data
[9.517s] running egg_info
[9.523s] writing ../../build/robot_controller/robot_controller.egg-info/PKG-INFO
[9.526s] writing dependency_links to ../../build/robot_controller/robot_controller.egg-info/dependency_links.txt
[9.528s] writing entry points to ../../build/robot_controller/robot_controller.egg-info/entry_points.txt
[9.530s] writing requirements to ../../build/robot_controller/robot_controller.egg-info/requires.txt
[9.532s] writing top-level names to ../../build/robot_controller/robot_controller.egg-info/top_level.txt
[9.549s] reading manifest file '../../build/robot_controller/robot_controller.egg-info/SOURCES.txt'
[9.561s] writing manifest file '../../build/robot_controller/robot_controller.egg-info/SOURCES.txt'
[9.563s] running build
[9.564s] running build_py
[9.565s] copying robot_controller/command_subscriber_action.py -> /home/keime/ros2_ws/build/robot_controller/build/lib/robot_controller
[9.569s] running install
[9.572s] running install_lib
[9.580s] copying /home/keime/ros2_ws/build/robot_controller/build/lib/robot_controller/command_subscriber_action.py -> /home/keime/ros2_ws/install/robot_controller/lib/python3.10/site-packages/robot_controller
[9.588s] byte-compiling /home/keime/ros2_ws/install/robot_controller/lib/python3.10/site-packages/robot_controller/command_subscriber_action.py to command_subscriber_action.cpython-310.pyc
[9.595s] Sorry: IndentationError: expected an indented block after 'else' statement on line 57 (command_subscriber_action.py, line 58)
[9.596s] running install_data
[9.598s] running install_egg_info
[9.614s] removing '/home/keime/ros2_ws/install/robot_controller/lib/python3.10/site-packages/robot_controller-0.0.0-py3.10.egg-info' (and everything under it)
[9.619s] Copying ../../build/robot_controller/robot_controller.egg-info to /home/keime/ros2_ws/install/robot_controller/lib/python3.10/site-packages/robot_controller-0.0.0-py3.10.egg-info
[9.632s] running install_scripts
[9.832s] Installing action script to /home/keime/ros2_ws/install/robot_controller/lib/robot_controller
[9.836s] writing list of installed files to '/home/keime/ros2_ws/build/robot_controller/install.log'
[10.096s] Invoked command in '/home/keime/ros2_ws/src/robot_controller' returned '0': PYTHONPATH=/home/keime/ros2_ws/build/robot_controller/prefix_override:/home/keime/ros2_ws/install/robot_controller/lib/python3.10/site-packages:${PYTHONPATH} /usr/bin/python3 -W ignore:setup.py install is deprecated setup.py egg_info --egg-base ../../build/robot_controller build --build-base /home/keime/ros2_ws/build/robot_controller/build install --record /home/keime/ros2_ws/build/robot_controller/install.log --single-version-externally-managed install_data
