[6.782s] Invoking command in '/home/keime/ros2_ws/src/py_pubsub': PYTHONPATH=/home/keime/ros2_ws/build/py_pubsub/prefix_override:/home/keime/ros2_ws/install/py_pubsub/lib/python3.10/site-packages:${PYTHONPATH} /usr/bin/python3 -W ignore:setup.py install is deprecated setup.py egg_info --egg-base ../../build/py_pubsub build --build-base /home/keime/ros2_ws/build/py_pubsub/build install --record /home/keime/ros2_ws/build/py_pubsub/install.log --single-version-externally-managed install_data
[9.359s] running egg_info
[9.365s] writing ../../build/py_pubsub/py_pubsub.egg-info/PKG-INFO
[9.367s] writing dependency_links to ../../build/py_pubsub/py_pubsub.egg-info/dependency_links.txt
[9.370s] writing entry points to ../../build/py_pubsub/py_pubsub.egg-info/entry_points.txt
[9.371s] writing requirements to ../../build/py_pubsub/py_pubsub.egg-info/requires.txt
[9.373s] writing top-level names to ../../build/py_pubsub/py_pubsub.egg-info/top_level.txt
[9.390s] reading manifest file '../../build/py_pubsub/py_pubsub.egg-info/SOURCES.txt'
[9.403s] writing manifest file '../../build/py_pubsub/py_pubsub.egg-info/SOURCES.txt'
[9.404s] running build
[9.406s] running build_py
[9.408s] copying py_pubsub/publisher_member_function.py -> /home/keime/ros2_ws/build/py_pubsub/build/lib/py_pubsub
[9.410s] running install
[9.413s] running install_lib
[9.421s] copying /home/keime/ros2_ws/build/py_pubsub/build/lib/py_pubsub/publisher_member_function.py -> /home/keime/ros2_ws/install/py_pubsub/lib/python3.10/site-packages/py_pubsub
[9.428s] byte-compiling /home/keime/ros2_ws/install/py_pubsub/lib/python3.10/site-packages/py_pubsub/publisher_member_function.py to publisher_member_function.cpython-310.pyc
[9.432s] running install_data
[9.433s] running install_egg_info
[9.449s] removing '/home/keime/ros2_ws/install/py_pubsub/lib/python3.10/site-packages/py_pubsub-0.0.0-py3.10.egg-info' (and everything under it)
[9.453s] Copying ../../build/py_pubsub/py_pubsub.egg-info to /home/keime/ros2_ws/install/py_pubsub/lib/python3.10/site-packages/py_pubsub-0.0.0-py3.10.egg-info
[9.466s] running install_scripts
[9.664s] Installing listener script to /home/keime/ros2_ws/install/py_pubsub/lib/py_pubsub
[9.666s] Installing talker script to /home/keime/ros2_ws/install/py_pubsub/lib/py_pubsub
[9.670s] writing list of installed files to '/home/keime/ros2_ws/build/py_pubsub/install.log'
[9.929s] Invoked command in '/home/keime/ros2_ws/src/py_pubsub' returned '0': PYTHONPATH=/home/keime/ros2_ws/build/py_pubsub/prefix_override:/home/keime/ros2_ws/install/py_pubsub/lib/python3.10/site-packages:${PYTHONPATH} /usr/bin/python3 -W ignore:setup.py install is deprecated setup.py egg_info --egg-base ../../build/py_pubsub build --build-base /home/keime/ros2_ws/build/py_pubsub/build install --record /home/keime/ros2_ws/build/py_pubsub/install.log --single-version-externally-managed install_data
