[7.596s] Invoking command in '/home/keime/ros2_ws/src/py_pubsub': PYTHONPATH=/home/keime/ros2_ws/build/py_pubsub/prefix_override:/home/keime/ros2_ws/install/py_pubsub/lib/python3.10/site-packages:${PYTHONPATH} /usr/bin/python3 -W ignore:setup.py install is deprecated setup.py egg_info --egg-base ../../build/py_pubsub build --build-base /home/keime/ros2_ws/build/py_pubsub/build install --record /home/keime/ros2_ws/build/py_pubsub/install.log --single-version-externally-managed install_data
[10.142s] running egg_info
[10.148s] writing ../../build/py_pubsub/py_pubsub.egg-info/PKG-INFO
[10.152s] writing dependency_links to ../../build/py_pubsub/py_pubsub.egg-info/dependency_links.txt
[10.154s] writing entry points to ../../build/py_pubsub/py_pubsub.egg-info/entry_points.txt
[10.156s] writing requirements to ../../build/py_pubsub/py_pubsub.egg-info/requires.txt
[10.157s] writing top-level names to ../../build/py_pubsub/py_pubsub.egg-info/top_level.txt
[10.175s] reading manifest file '../../build/py_pubsub/py_pubsub.egg-info/SOURCES.txt'
[10.188s] writing manifest file '../../build/py_pubsub/py_pubsub.egg-info/SOURCES.txt'
[10.189s] running build
[10.190s] running build_py
[10.197s] running install
[10.200s] running install_lib
[10.217s] running install_data
[10.222s] running install_egg_info
[10.238s] removing '/home/keime/ros2_ws/install/py_pubsub/lib/python3.10/site-packages/py_pubsub-0.0.0-py3.10.egg-info' (and everything under it)
[10.243s] Copying ../../build/py_pubsub/py_pubsub.egg-info to /home/keime/ros2_ws/install/py_pubsub/lib/python3.10/site-packages/py_pubsub-0.0.0-py3.10.egg-info
[10.257s] running install_scripts
[10.458s] Installing listener script to /home/keime/ros2_ws/install/py_pubsub/lib/py_pubsub
[10.461s] Installing talker script to /home/keime/ros2_ws/install/py_pubsub/lib/py_pubsub
[10.465s] writing list of installed files to '/home/keime/ros2_ws/build/py_pubsub/install.log'
[10.722s] Invoked command in '/home/keime/ros2_ws/src/py_pubsub' returned '0': PYTHONPATH=/home/keime/ros2_ws/build/py_pubsub/prefix_override:/home/keime/ros2_ws/install/py_pubsub/lib/python3.10/site-packages:${PYTHONPATH} /usr/bin/python3 -W ignore:setup.py install is deprecated setup.py egg_info --egg-base ../../build/py_pubsub build --build-base /home/keime/ros2_ws/build/py_pubsub/build install --record /home/keime/ros2_ws/build/py_pubsub/install.log --single-version-externally-managed install_data
