[7.837s] Invoking command in '/home/keime/TILros2_ws/ros2_ws/src/robot_controller': PYTHONPATH=/home/keime/TILros2_ws/ros2_ws/build/robot_controller/prefix_override:/home/keime/TILros2_ws/ros2_ws/install/robot_controller/lib/python3.10/site-packages:${PYTHONPATH} /usr/bin/python3 -W ignore:setup.py install is deprecated setup.py egg_info --egg-base ../../build/robot_controller build --build-base /home/keime/TILros2_ws/ros2_ws/build/robot_controller/build install --record /home/keime/TILros2_ws/ros2_ws/build/robot_controller/install.log --single-version-externally-managed install_data
[10.480s] running egg_info
[10.486s] writing ../../build/robot_controller/robot_controller.egg-info/PKG-INFO
[10.489s] writing dependency_links to ../../build/robot_controller/robot_controller.egg-info/dependency_links.txt
[10.491s] writing entry points to ../../build/robot_controller/robot_controller.egg-info/entry_points.txt
[10.493s] writing requirements to ../../build/robot_controller/robot_controller.egg-info/requires.txt
[10.495s] writing top-level names to ../../build/robot_controller/robot_controller.egg-info/top_level.txt
[10.512s] reading manifest file '../../build/robot_controller/robot_controller.egg-info/SOURCES.txt'
[10.525s] writing manifest file '../../build/robot_controller/robot_controller.egg-info/SOURCES.txt'
[10.526s] running build
[10.527s] running build_py
[10.531s] running install
[10.534s] running install_lib
[10.548s] running install_data
[10.550s] running install_egg_info
[10.569s] removing '/home/keime/TILros2_ws/ros2_ws/install/robot_controller/lib/python3.10/site-packages/robot_controller-0.0.0-py3.10.egg-info' (and everything under it)
[10.575s] Copying ../../build/robot_controller/robot_controller.egg-info to /home/keime/TILros2_ws/ros2_ws/install/robot_controller/lib/python3.10/site-packages/robot_controller-0.0.0-py3.10.egg-info
[10.588s] running install_scripts
[10.811s] Installing action script to /home/keime/TILros2_ws/ros2_ws/install/robot_controller/lib/robot_controller
[10.815s] writing list of installed files to '/home/keime/TILros2_ws/ros2_ws/build/robot_controller/install.log'
[11.075s] Invoked command in '/home/keime/TILros2_ws/ros2_ws/src/robot_controller' returned '0': PYTHONPATH=/home/keime/TILros2_ws/ros2_ws/build/robot_controller/prefix_override:/home/keime/TILros2_ws/ros2_ws/install/robot_controller/lib/python3.10/site-packages:${PYTHONPATH} /usr/bin/python3 -W ignore:setup.py install is deprecated setup.py egg_info --egg-base ../../build/robot_controller build --build-base /home/keime/TILros2_ws/ros2_ws/build/robot_controller/build install --record /home/keime/TILros2_ws/ros2_ws/build/robot_controller/install.log --single-version-externally-managed install_data
