[6.657s] Invoking command in '/home/keime/ros2_ws/src/py_pubsub': PYTHONPATH=/home/keime/ros2_ws/build/py_pubsub/prefix_override:/home/keime/ros2_ws/install/py_pubsub/lib/python3.10/site-packages:${PYTHONPATH} /usr/bin/python3 -W ignore:setup.py install is deprecated setup.py egg_info --egg-base ../../build/py_pubsub build --build-base /home/keime/ros2_ws/build/py_pubsub/build install --record /home/keime/ros2_ws/build/py_pubsub/install.log --single-version-externally-managed install_data
[9.252s] running egg_info
[9.258s] writing ../../build/py_pubsub/py_pubsub.egg-info/PKG-INFO
[9.260s] writing dependency_links to ../../build/py_pubsub/py_pubsub.egg-info/dependency_links.txt
[9.263s] writing entry points to ../../build/py_pubsub/py_pubsub.egg-info/entry_points.txt
[9.264s] writing requirements to ../../build/py_pubsub/py_pubsub.egg-info/requires.txt
[9.266s] writing top-level names to ../../build/py_pubsub/py_pubsub.egg-info/top_level.txt
[9.283s] reading manifest file '../../build/py_pubsub/py_pubsub.egg-info/SOURCES.txt'
[9.294s] writing manifest file '../../build/py_pubsub/py_pubsub.egg-info/SOURCES.txt'
[9.296s] running build
[9.297s] running build_py
[9.299s] running install
[9.302s] running install_lib
[9.314s] running install_data
[9.315s] running install_egg_info
[9.331s] removing '/home/keime/ros2_ws/install/py_pubsub/lib/python3.10/site-packages/py_pubsub-0.0.0-py3.10.egg-info' (and everything under it)
[9.335s] Copying ../../build/py_pubsub/py_pubsub.egg-info to /home/keime/ros2_ws/install/py_pubsub/lib/python3.10/site-packages/py_pubsub-0.0.0-py3.10.egg-info
[9.348s] running install_scripts
[9.546s] Installing listener script to /home/keime/ros2_ws/install/py_pubsub/lib/py_pubsub
[9.549s] writing list of installed files to '/home/keime/ros2_ws/build/py_pubsub/install.log'
[9.807s] Invoked command in '/home/keime/ros2_ws/src/py_pubsub' returned '0': PYTHONPATH=/home/keime/ros2_ws/build/py_pubsub/prefix_override:/home/keime/ros2_ws/install/py_pubsub/lib/python3.10/site-packages:${PYTHONPATH} /usr/bin/python3 -W ignore:setup.py install is deprecated setup.py egg_info --egg-base ../../build/py_pubsub build --build-base /home/keime/ros2_ws/build/py_pubsub/build install --record /home/keime/ros2_ws/build/py_pubsub/install.log --single-version-externally-managed install_data
